Crystallize 1.4 log for model PM3_150728_2021_t20
Run began at: Fri Sep  4 14:12:51 2015

**** WARNING ****: max courant = 1.15152.  Instability possible.

Random seed used = -1441393971

Time = 250000.000000, delC = 6.94154e-09, NuclRate = 0
Time = 500000.000000, delC = 1.39272e-08, NuclRate = 3.31067e-239
Time = 750000.000000, delC = 2.09589e-08, NuclRate = 3.3203e-125
Time = 1000000.000000, delC = 2.80365e-08, NuclRate = 7.0036e-81
Time = 1250000.000000, delC = 3.51601e-08, NuclRate = 9.18859e-59
Time = 1500000.000000, delC = 4.23294e-08, NuclRate = 5.01903e-46
Time = 1750000.000000, delC = 4.95446e-08, NuclRate = 5.68999e-38
Time = 2000000.000000, delC = 5.68054e-08, NuclRate = 1.57045e-32
Time = 2250000.000000, delC = 6.41118e-08, NuclRate = 1.13924e-28
Time = 2500000.000000, delC = 7.14637e-08, NuclRate = 7.98215e-26
Time = 2750000.000000, delC = 7.8861e-08, NuclRate = 1.15885e-23
Time = 3000000.000000, delC = 8.63037e-08, NuclRate = 5.59409e-22
Time = 3250000.000000, delC = 9.37916e-08, NuclRate = 1.21976e-20
Time = 3500000.000000, delC = 1.01325e-07, NuclRate = 1.47602e-19
Time = 3750000.000000, delC = 1.08903e-07, NuclRate = 1.14334e-18
Time = 4000000.000000, delC = 1.16526e-07, NuclRate = 6.2757e-18
Time = 4250000.000000, delC = 1.24194e-07, NuclRate = 2.62839e-17
Time = 4500000.000000, delC = 1.31907e-07, NuclRate = 8.87442e-17
Time = 4750000.000000, delC = 1.39665e-07, NuclRate = 2.51809e-16
Time = 5000000.000000, delC = 1.47467e-07, NuclRate = 6.19944e-16
Time = 5250000.000000, delC = 1.55314e-07, NuclRate = 1.35763e-15
Time = 5500000.000000, delC = 1.63205e-07, NuclRate = 2.69697e-15
Time = 5750000.000000, delC = 1.71141e-07, NuclRate = 4.93661e-15
Time = 6000000.000000, delC = 1.7912e-07, NuclRate = 8.4316e-15
Time = 6250000.000000, delC = 1.87144e-07, NuclRate = 1.3576e-14
Time = 6500000.000000, delC = 1.95212e-07, NuclRate = 2.0781e-14
Time = 6750000.000000, delC = 2.03324e-07, NuclRate = 3.04516e-14
Time = 7000000.000000, delC = 2.11479e-07, NuclRate = 4.29653e-14
Time = 7250000.000000, delC = 2.19679e-07, NuclRate = 5.86541e-14
Time = 7500000.000000, delC = 2.27921e-07, NuclRate = 7.77912e-14
Time = 7750000.000000, delC = 2.36208e-07, NuclRate = 1.00583e-13
Time = 8000000.000000, delC = 2.44537e-07, NuclRate = 1.27164e-13
Time = 8250000.000000, delC = 2.5291e-07, NuclRate = 1.576e-13
Time = 8500000.000000, delC = 2.61326e-07, NuclRate = 1.9189e-13
Time = 8750000.000000, delC = 2.61326e-07, NuclRate = 1.9189e-13
Time = 9000000.000000, delC = 2.61326e-07, NuclRate = 1.9189e-13
Uncompensated deficit of 2.77848e-11 g at index (99,14,116) at time 9.021 m.y.
Uncompensated deficit of 4.43985e-11 g at index (98,15,117) at time 9.050 m.y.
Uncompensated deficit of 7.20998e-11 g at index (100,13,116) at time 9.050 m.y.
Uncompensated deficit of 9.17633e-11 g at index (99,13,118) at time 9.076 m.y.
Uncompensated deficit of 4.59879e-11 g at index (98,16,115) at time 9.096 m.y.
Uncompensated deficit of 7.47966e-11 g at index (101,12,116) at time 9.117 m.y.
Uncompensated deficit of 3.19128e-11 g at index (97,16,117) at time 9.118 m.y.
Uncompensated deficit of 1.02169e-10 g at index (23,82,123) at time 9.228 m.y.
Time = 9250000.000000, delC = 2.61326e-07, NuclRate = 1.9189e-13
Uncompensated deficit of 2.77744e-11 g at index (55,57,129) at time 9.375 m.y.
Uncompensated deficit of 1.3222e-11 g at index (55,56,128) at time 9.419 m.y.
Time = 9500000.000000, delC = 2.61326e-07, NuclRate = 1.9189e-13
Uncompensated deficit of 3.94763e-11 g at index (18,7,126) at time 9.576 m.y.
Uncompensated deficit of 4.58106e-11 g at index (32,115,129) at time 9.673 m.y.
Uncompensated deficit of 3.99106e-12 g at index (74,84,54) at time 9.706 m.y.
Uncompensated deficit of 7.06349e-11 g at index (73,85,55) at time 9.735 m.y.
Time = 9750000.000000, delC = 2.61326e-07, NuclRate = 1.9189e-13
Uncompensated deficit of 1.82592e-11 g at index (16,64,9) at time 9.775 m.y.
Uncompensated deficit of 3.99873e-11 g at index (73,26,21) at time 9.817 m.y.
Uncompensated deficit of 8.11906e-11 g at index (59,114,130) at time 9.896 m.y.
Uncompensated deficit of 2.82465e-11 g at index (42,117,30) at time 9.898 m.y.
Uncompensated deficit of 1.16216e-10 g at index (71,87,56) at time 9.900 m.y.
Uncompensated deficit of 6.28353e-11 g at index (43,118,31) at time 9.908 m.y.
Uncompensated deficit of 2.65086e-10 g at index (70,86,54) at time 9.916 m.y.
Uncompensated deficit of 1.02114e-10 g at index (135,58,78) at time 9.947 m.y.
Uncompensated deficit of 5.15708e-12 g at index (41,107,121) at time 9.990 m.y.
Time = 10000000.000000, delC = 2.61326e-07, NuclRate = 1.9189e-13
Uncompensated deficit of 7.32547e-11 g at index (91,90,41) at time 10.008 m.y.
Uncompensated deficit of 1.01596e-11 g at index (32,122,32) at time 10.016 m.y.
Uncompensated deficit of 1.29168e-10 g at index (115,71,120) at time 10.131 m.y.
Uncompensated deficit of 1.07636e-10 g at index (116,71,118) at time 10.151 m.y.
Uncompensated deficit of 6.27602e-11 g at index (113,72,122) at time 10.168 m.y.
Uncompensated deficit of 7.46511e-11 g at index (117,71,117) at time 10.211 m.y.
Uncompensated deficit of 7.49088e-12 g at index (62,110,104) at time 10.239 m.y.
Time = 10250000.000000, delC = 2.61326e-07, NuclRate = 1.9189e-13
Uncompensated deficit of 8.79355e-11 g at index (62,109,103) at time 10.259 m.y.
Uncompensated deficit of 1.08845e-10 g at index (61,111,105) at time 10.267 m.y.
Uncompensated deficit of 1.70871e-11 g at index (38,110,130) at time 10.285 m.y.
Uncompensated deficit of 1.32953e-12 g at index (64,110,103) at time 10.303 m.y.
Uncompensated deficit of 1.22355e-10 g at index (126,42,6) at time 10.429 m.y.
Uncompensated deficit of 1.26542e-10 g at index (128,42,5) at time 10.440 m.y.
Uncompensated deficit of 2.46687e-11 g at index (55,112,119) at time 10.450 m.y.
Uncompensated deficit of 4.8485e-11 g at index (68,66,95) at time 10.466 m.y.
Uncompensated deficit of 7.42193e-11 g at index (118,131,133) at time 10.481 m.y.
Uncompensated deficit of 7.23771e-11 g at index (56,111,121) at time 10.491 m.y.
Uncompensated deficit of 3.64638e-11 g at index (68,67,96) at time 10.491 m.y.
Uncompensated deficit of 8.83632e-11 g at index (117,129,133) at time 10.495 m.y.
Uncompensated deficit of 1.34809e-10 g at index (36,111,124) at time 10.496 m.y.
Time = 10500000.000000, delC = 2.61326e-07, NuclRate = 1.9189e-13
Uncompensated deficit of 4.59025e-11 g at index (69,65,94) at time 10.500 m.y.
Uncompensated deficit of 1.70585e-10 g at index (35,113,122) at time 10.524 m.y.
Uncompensated deficit of 8.94156e-11 g at index (119,132,131) at time 10.531 m.y.
Uncompensated deficit of 1.51797e-11 g at index (33,112,121) at time 10.532 m.y.
Uncompensated deficit of 2.40514e-10 g at index (53,111,123) at time 10.532 m.y.
Uncompensated deficit of 6.56389e-11 g at index (66,66,96) at time 10.535 m.y.
Uncompensated deficit of 6.82602e-11 g at index (34,114,121) at time 10.535 m.y.
Uncompensated deficit of 2.59284e-10 g at index (58,111,117) at time 10.536 m.y.
Uncompensated deficit of 5.1853e-11 g at index (103,132,123) at time 10.541 m.y.
Uncompensated deficit of 5.53318e-13 g at index (51,97,59) at time 10.567 m.y.
Uncompensated deficit of 7.8269e-11 g at index (51,98,58) at time 10.571 m.y.
Uncompensated deficit of 5.93352e-11 g at index (104,131,122) at time 10.571 m.y.
Uncompensated deficit of 4.48964e-11 g at index (52,97,58) at time 10.578 m.y.
Uncompensated deficit of 1.16142e-10 g at index (51,91,60) at time 10.578 m.y.
Uncompensated deficit of 1.05644e-10 g at index (55,100,121) at time 10.578 m.y.
Uncompensated deficit of 7.67087e-11 g at index (61,98,119) at time 10.591 m.y.
Uncompensated deficit of 4.04421e-11 g at index (60,97,118) at time 10.592 m.y.
Uncompensated deficit of 1.29315e-10 g at index (51,96,60) at time 10.604 m.y.
Uncompensated deficit of 4.8621e-11 g at index (51,99,57) at time 10.615 m.y.
Uncompensated deficit of 9.81527e-11 g at index (62,97,119) at time 10.615 m.y.
Uncompensated deficit of 1.59363e-10 g at index (53,96,57) at time 10.621 m.y.
Uncompensated deficit of 1.35469e-10 g at index (53,100,126) at time 10.624 m.y.
Uncompensated deficit of 1.39451e-10 g at index (59,99,119) at time 10.624 m.y.
Uncompensated deficit of 3.64986e-11 g at index (61,99,120) at time 10.629 m.y.
Uncompensated deficit of 3.33176e-10 g at index (53,94,59) at time 10.632 m.y.
Uncompensated deficit of 2.64179e-10 g at index (52,94,60) at time 10.637 m.y.
Uncompensated deficit of 7.42371e-11 g at index (54,100,127) at time 10.639 m.y.
Uncompensated deficit of 9.18903e-11 g at index (60,96,117) at time 10.644 m.y.
Uncompensated deficit of 5.45441e-11 g at index (51,95,61) at time 10.646 m.y.
Uncompensated deficit of 1.04734e-10 g at index (57,99,118) at time 10.654 m.y.
Uncompensated deficit of 1.37142e-10 g at index (59,100,120) at time 10.657 m.y.
Uncompensated deficit of 3.14842e-11 g at index (123,24,16) at time 10.673 m.y.
Uncompensated deficit of 5.7706e-11 g at index (79,113,132) at time 10.701 m.y.
Uncompensated deficit of 6.7887e-11 g at index (123,23,14) at time 10.701 m.y.
Uncompensated deficit of 2.78125e-11 g at index (122,25,16) at time 10.712 m.y.
Uncompensated deficit of 2.12562e-11 g at index (80,113,133) at time 10.727 m.y.
Uncompensated deficit of 1.19054e-11 g at index (78,112,133) at time 10.728 m.y.
Uncompensated deficit of 5.48473e-11 g at index (125,22,15) at time 10.735 m.y.
Uncompensated deficit of 7.60462e-11 g at index (124,22,14) at time 10.736 m.y.
Time = 10750000.000000, delC = 2.61326e-07, NuclRate = 1.9189e-13
Uncompensated deficit of 3.53823e-11 g at index (77,112,131) at time 10.751 m.y.
Uncompensated deficit of 5.48288e-11 g at index (81,114,132) at time 10.752 m.y.
Uncompensated deficit of 1.14315e-10 g at index (79,112,134) at time 10.753 m.y.
Uncompensated deficit of 7.58273e-11 g at index (79,15,108) at time 10.765 m.y.
Uncompensated deficit of 9.56576e-11 g at index (13,27,70) at time 10.800 m.y.
Uncompensated deficit of 1.07185e-10 g at index (28,32,70) at time 10.807 m.y.
Uncompensated deficit of 5.97492e-11 g at index (76,111,132) at time 10.813 m.y.
Uncompensated deficit of 3.53342e-11 g at index (12,26,71) at time 10.818 m.y.
Uncompensated deficit of 4.92142e-11 g at index (20,126,92) at time 10.872 m.y.
Uncompensated deficit of 5.51322e-11 g at index (21,128,93) at time 10.878 m.y.
Uncompensated deficit of 9.91129e-12 g at index (22,127,95) at time 10.926 m.y.
Uncompensated deficit of 4.22338e-11 g at index (124,100,51) at time 10.933 m.y.
Uncompensated deficit of 1.53859e-11 g at index (123,101,53) at time 10.945 m.y.
Uncompensated deficit of 7.73161e-11 g at index (59,47,137) at time 10.953 m.y.
Uncompensated deficit of 7.1387e-11 g at index (24,32,56) at time 10.966 m.y.
Uncompensated deficit of 3.09685e-11 g at index (23,32,57) at time 10.970 m.y.
Uncompensated deficit of 3.86243e-11 g at index (24,33,55) at time 10.979 m.y.
Uncompensated deficit of 4.66187e-11 g at index (58,46,136) at time 10.990 m.y.
Uncompensated deficit of 1.43721e-11 g at index (24,31,57) at time 10.996 m.y.
Time = 11000000.000000, delC = 2.61326e-07, NuclRate = 1.9189e-13
Uncompensated deficit of 7.93093e-11 g at index (22,34,57) at time 11.006 m.y.
Uncompensated deficit of 5.92942e-11 g at index (22,33,58) at time 11.012 m.y.
Uncompensated deficit of 7.28541e-12 g at index (115,97,117) at time 11.026 m.y.
Uncompensated deficit of 8.20316e-11 g at index (115,94,118) at time 11.031 m.y.
Uncompensated deficit of 2.4599e-11 g at index (116,95,119) at time 11.033 m.y.
Uncompensated deficit of 5.11514e-11 g at index (18,27,72) at time 11.037 m.y.
Uncompensated deficit of 9.437e-11 g at index (114,97,116) at time 11.041 m.y.
Uncompensated deficit of 4.64939e-11 g at index (22,35,56) at time 11.041 m.y.
Uncompensated deficit of 4.48969e-11 g at index (116,98,118) at time 11.051 m.y.
Uncompensated deficit of 1.16427e-11 g at index (20,26,70) at time 11.057 m.y.
Uncompensated deficit of 6.14958e-11 g at index (47,116,80) at time 11.058 m.y.
Uncompensated deficit of 1.44135e-10 g at index (19,27,71) at time 11.063 m.y.
Uncompensated deficit of 1.89765e-11 g at index (117,96,120) at time 11.064 m.y.
Uncompensated deficit of 2.65915e-11 g at index (48,56,118) at time 11.065 m.y.
Uncompensated deficit of 5.49678e-11 g at index (47,57,119) at time 11.066 m.y.
Uncompensated deficit of 1.87413e-11 g at index (47,117,79) at time 11.069 m.y.
Uncompensated deficit of 1.20011e-12 g at index (47,55,120) at time 11.075 m.y.
Uncompensated deficit of 7.54584e-11 g at index (21,34,58) at time 11.076 m.y.
Uncompensated deficit of 5.41871e-11 g at index (21,25,70) at time 11.077 m.y.
Uncompensated deficit of 7.84866e-12 g at index (48,118,82) at time 11.090 m.y.
Uncompensated deficit of 2.42029e-11 g at index (47,58,118) at time 11.102 m.y.
Uncompensated deficit of 8.8354e-11 g at index (49,56,117) at time 11.103 m.y.
Uncompensated deficit of 6.76509e-11 g at index (46,57,120) at time 11.103 m.y.
Uncompensated deficit of 1.25577e-12 g at index (24,131,75) at time 11.104 m.y.
Uncompensated deficit of 4.12311e-12 g at index (24,132,76) at time 11.104 m.y.
Uncompensated deficit of 4.60544e-11 g at index (49,54,118) at time 11.111 m.y.
Uncompensated deficit of 1.6976e-11 g at index (46,55,121) at time 11.111 m.y.
Uncompensated deficit of 3.1299e-11 g at index (23,131,76) at time 11.112 m.y.
Uncompensated deficit of 2.46273e-11 g at index (25,132,75) at time 11.120 m.y.
Uncompensated deficit of 4.61644e-11 g at index (46,114,79) at time 11.127 m.y.
Uncompensated deficit of 2.40344e-11 g at index (23,130,75) at time 11.132 m.y.
Uncompensated deficit of 1.70157e-11 g at index (23,132,77) at time 11.133 m.y.
Uncompensated deficit of 6.31671e-11 g at index (25,131,74) at time 11.136 m.y.
Uncompensated deficit of 6.25147e-11 g at index (24,130,74) at time 11.141 m.y.
Uncompensated deficit of 2.38234e-11 g at index (25,133,76) at time 11.141 m.y.
Uncompensated deficit of 5.58465e-11 g at index (24,133,77) at time 11.146 m.y.
Uncompensated deficit of 6.63311e-11 g at index (106,19,98) at time 11.149 m.y.
Uncompensated deficit of 4.69914e-11 g at index (24,106,132) at time 11.151 m.y.
Uncompensated deficit of 4.32293e-11 g at index (106,64,43) at time 11.154 m.y.
Uncompensated deficit of 6.04084e-11 g at index (106,18,96) at time 11.158 m.y.
Uncompensated deficit of 1.44491e-11 g at index (26,105,133) at time 11.161 m.y.
Uncompensated deficit of 9.20281e-12 g at index (22,131,77) at time 11.161 m.y.
Uncompensated deficit of 2.87564e-11 g at index (22,130,76) at time 11.162 m.y.
Uncompensated deficit of 2.36979e-11 g at index (107,18,97) at time 11.163 m.y.
Uncompensated deficit of 5.01578e-11 g at index (26,132,74) at time 11.171 m.y.
Uncompensated deficit of 1.2411e-10 g at index (105,20,99) at time 11.173 m.y.
Uncompensated deficit of 6.05514e-11 g at index (26,133,75) at time 11.176 m.y.
Uncompensated deficit of 7.43466e-12 g at index (45,55,122) at time 11.177 m.y.
Uncompensated deficit of 9.67968e-11 g at index (107,19,99) at time 11.179 m.y.
Uncompensated deficit of 5.29757e-11 g at index (50,55,116) at time 11.183 m.y.
Uncompensated deficit of 2.68025e-12 g at index (23,129,74) at time 11.184 m.y.
Uncompensated deficit of 7.38395e-11 g at index (106,20,100) at time 11.191 m.y.
Uncompensated deficit of 8.9135e-11 g at index (38,96,131) at time 11.192 m.y.
Uncompensated deficit of 7.4551e-11 g at index (22,107,132) at time 11.194 m.y.
Uncompensated deficit of 4.2128e-11 g at index (22,129,75) at time 11.197 m.y.
Uncompensated deficit of 8.0459e-11 g at index (23,107,134) at time 11.201 m.y.
Uncompensated deficit of 2.88781e-11 g at index (28,104,133) at time 11.203 m.y.
Uncompensated deficit of 3.63853e-11 g at index (39,95,130) at time 11.205 m.y.
Uncompensated deficit of 2.90308e-11 g at index (37,97,132) at time 11.207 m.y.
Uncompensated deficit of 2.7551e-11 g at index (39,96,133) at time 11.207 m.y.
Uncompensated deficit of 4.22057e-12 g at index (37,96,129) at time 11.216 m.y.
Uncompensated deficit of 1.4496e-10 g at index (104,21,100) at time 11.218 m.y.
Uncompensated deficit of 1.14307e-10 g at index (36,97,130) at time 11.218 m.y.
Uncompensated deficit of 8.35289e-11 g at index (107,17,95) at time 11.222 m.y.
Uncompensated deficit of 1.40116e-10 g at index (106,21,101) at time 11.222 m.y.
Uncompensated deficit of 8.65435e-11 g at index (108,17,96) at time 11.225 m.y.
Uncompensated deficit of 2.55949e-11 g at index (21,130,77) at time 11.229 m.y.
Uncompensated deficit of 1.35651e-10 g at index (106,22,102) at time 11.232 m.y.
Uncompensated deficit of 1.08183e-10 g at index (36,98,133) at time 11.236 m.y.
Uncompensated deficit of 1.19279e-10 g at index (35,98,131) at time 11.237 m.y.
Uncompensated deficit of 1.682e-10 g at index (108,20,101) at time 11.239 m.y.
Uncompensated deficit of 1.19462e-10 g at index (41,94,130) at time 11.241 m.y.
Uncompensated deficit of 8.38755e-11 g at index (27,133,74) at time 11.244 m.y.
Uncompensated deficit of 8.1968e-11 g at index (106,17,94) at time 11.245 m.y.
Uncompensated deficit of 4.5505e-12 g at index (21,129,76) at time 11.246 m.y.
Time = 11250000.000000, delC = 2.61326e-07, NuclRate = 1.9189e-13
Uncompensated deficit of 1.93436e-11 g at index (34,99,131) at time 11.265 m.y.
Uncompensated deficit of 7.39591e-11 g at index (35,99,133) at time 11.267 m.y.
Uncompensated deficit of 2.43409e-10 g at index (73,108,123) at time 11.273 m.y.
Uncompensated deficit of 7.28277e-11 g at index (21,108,134) at time 11.278 m.y.
Uncompensated deficit of 7.71139e-11 g at index (74,110,122) at time 11.280 m.y.
Uncompensated deficit of 5.10097e-11 g at index (33,100,132) at time 11.289 m.y.
Uncompensated deficit of 2.31242e-10 g at index (32,101,132) at time 11.301 m.y.
Uncompensated deficit of 2.77014e-10 g at index (44,92,130) at time 11.315 m.y.
Uncompensated deficit of 5.67279e-11 g at index (107,22,16) at time 11.324 m.y.
Uncompensated deficit of 1.89947e-11 g at index (84,85,77) at time 11.331 m.y.
Uncompensated deficit of 5.25569e-11 g at index (85,86,77) at time 11.336 m.y.
Uncompensated deficit of 5.75013e-11 g at index (91,70,44) at time 11.363 m.y.
Uncompensated deficit of 5.15777e-11 g at index (129,50,11) at time 11.365 m.y.
Uncompensated deficit of 3.29786e-11 g at index (83,84,78) at time 11.369 m.y.
Uncompensated deficit of 1.11071e-10 g at index (52,52,115) at time 11.373 m.y.
Uncompensated deficit of 2.22288e-10 g at index (52,54,114) at time 11.377 m.y.
Uncompensated deficit of 1.84557e-11 g at index (129,52,10) at time 11.381 m.y.
Uncompensated deficit of 1.80831e-10 g at index (114,88,123) at time 11.389 m.y.
Uncompensated deficit of 2.48314e-11 g at index (127,49,12) at time 11.389 m.y.
Uncompensated deficit of 1.17087e-10 g at index (21,30,63) at time 11.391 m.y.
Uncompensated deficit of 1.36879e-10 g at index (113,88,121) at time 11.402 m.y.
Uncompensated deficit of 1.38656e-10 g at index (22,28,63) at time 11.402 m.y.
Uncompensated deficit of 3.83286e-11 g at index (93,28,130) at time 11.446 m.y.
Uncompensated deficit of 5.28989e-11 g at index (93,29,129) at time 11.460 m.y.
Uncompensated deficit of 5.418e-11 g at index (94,29,130) at time 11.460 m.y.
Uncompensated deficit of 1.25083e-10 g at index (94,30,129) at time 11.462 m.y.
Uncompensated deficit of 7.92313e-11 g at index (92,27,129) at time 11.465 m.y.
Uncompensated deficit of 8.51489e-11 g at index (95,31,130) at time 11.466 m.y.
Uncompensated deficit of 1.18886e-10 g at index (93,26,131) at time 11.466 m.y.
Uncompensated deficit of 1.45275e-10 g at index (94,28,131) at time 11.467 m.y.
Uncompensated deficit of 8.66291e-11 g at index (70,91,109) at time 11.472 m.y.
Uncompensated deficit of 1.78979e-11 g at index (94,31,128) at time 11.475 m.y.
Uncompensated deficit of 1.41388e-11 g at index (92,25,130) at time 11.475 m.y.
Uncompensated deficit of 3.85459e-11 g at index (95,32,128) at time 11.477 m.y.
Uncompensated deficit of 8.44396e-11 g at index (92,28,128) at time 11.483 m.y.
Uncompensated deficit of 5.50978e-11 g at index (95,30,131) at time 11.484 m.y.
Uncompensated deficit of 7.75524e-11 g at index (94,27,132) at time 11.486 m.y.
Uncompensated deficit of 8.64026e-11 g at index (96,32,130) at time 11.487 m.y.
Uncompensated deficit of 4.59946e-11 g at index (18,34,9) at time 11.487 m.y.
Uncompensated deficit of 1.24153e-11 g at index (20,34,8) at time 11.491 m.y.
Uncompensated deficit of 6.04923e-11 g at index (96,33,128) at time 11.497 m.y.
Time = 11500000.000000, delC = 2.61326e-07, NuclRate = 1.9189e-13
Uncompensated deficit of 8.8895e-11 g at index (60,47,121) at time 11.501 m.y.
Uncompensated deficit of 9.13418e-11 g at index (19,35,7) at time 11.501 m.y.
Uncompensated deficit of 2.64036e-12 g at index (95,29,132) at time 11.505 m.y.
Uncompensated deficit of 1.02247e-10 g at index (91,26,128) at time 11.506 m.y.
Uncompensated deficit of 4.576e-11 g at index (17,35,8) at time 11.510 m.y.
Uncompensated deficit of 9.99691e-11 g at index (92,29,127) at time 11.512 m.y.
Uncompensated deficit of 1.38352e-11 g at index (81,79,70) at time 11.513 m.y.
Uncompensated deficit of 1.00435e-10 g at index (26,68,14) at time 11.518 m.y.
Uncompensated deficit of 9.41859e-11 g at index (8,56,17) at time 11.525 m.y.
Uncompensated deficit of 6.8483e-11 g at index (97,33,130) at time 11.526 m.y.
Uncompensated deficit of 9.53175e-11 g at index (25,69,15) at time 11.526 m.y.
Uncompensated deficit of 6.48365e-11 g at index (11,53,17) at time 11.527 m.y.
Uncompensated deficit of 7.36338e-11 g at index (9,57,18) at time 11.529 m.y.
Uncompensated deficit of 2.02476e-11 g at index (10,55,18) at time 11.529 m.y.
Uncompensated deficit of 4.81608e-11 g at index (9,55,17) at time 11.529 m.y.
Uncompensated deficit of 6.33486e-11 g at index (11,54,18) at time 11.535 m.y.
Uncompensated deficit of 4.17157e-11 g at index (12,54,19) at time 11.539 m.y.
Uncompensated deficit of 5.00153e-11 g at index (21,33,9) at time 11.540 m.y.
Uncompensated deficit of 1.12989e-10 g at index (10,54,17) at time 11.541 m.y.
Uncompensated deficit of 4.23509e-11 g at index (25,70,13) at time 11.543 m.y.
Uncompensated deficit of 4.34841e-11 g at index (7,57,17) at time 11.544 m.y.
Uncompensated deficit of 4.60559e-11 g at index (8,55,16) at time 11.552 m.y.
Uncompensated deficit of 9.57759e-11 g at index (7,56,16) at time 11.556 m.y.
Uncompensated deficit of 6.17834e-11 g at index (10,57,19) at time 11.556 m.y.
Uncompensated deficit of 1.05241e-10 g at index (27,67,13) at time 11.557 m.y.
Uncompensated deficit of 5.53751e-11 g at index (91,23,130) at time 11.560 m.y.
Uncompensated deficit of 1.16478e-10 g at index (9,54,16) at time 11.561 m.y.
Uncompensated deficit of 3.64739e-11 g at index (60,45,125) at time 11.563 m.y.
Uncompensated deficit of 5.28199e-11 g at index (18,36,6) at time 11.567 m.y.
Uncompensated deficit of 1.8403e-11 g at index (90,26,127) at time 11.569 m.y.
Uncompensated deficit of 1.10873e-10 g at index (9,58,19) at time 11.572 m.y.
Uncompensated deficit of 6.36076e-11 g at index (6,57,16) at time 11.581 m.y.
Uncompensated deficit of 8.22542e-11 g at index (6,58,17) at time 11.587 m.y.
Uncompensated deficit of 1.05731e-11 g at index (8,59,19) at time 11.609 m.y.
Uncompensated deficit of 8.74434e-11 g at index (33,27,76) at time 11.620 m.y.
Uncompensated deficit of 4.82162e-11 g at index (71,78,98) at time 11.622 m.y.
Uncompensated deficit of 7.17523e-11 g at index (72,79,97) at time 11.629 m.y.
Uncompensated deficit of 1.03489e-10 g at index (73,75,100) at time 11.637 m.y.
Uncompensated deficit of 2.79092e-11 g at index (73,77,98) at time 11.640 m.y.
Uncompensated deficit of 7.33441e-11 g at index (73,78,97) at time 11.643 m.y.
Uncompensated deficit of 1.5597e-11 g at index (78,126,48) at time 11.645 m.y.
Uncompensated deficit of 7.41934e-11 g at index (79,125,48) at time 11.645 m.y.
Uncompensated deficit of 1.27251e-10 g at index (71,77,99) at time 11.645 m.y.
Uncompensated deficit of 1.50249e-10 g at index (73,76,99) at time 11.648 m.y.
Uncompensated deficit of 3.96718e-11 g at index (32,25,77) at time 11.648 m.y.
Uncompensated deficit of 9.51205e-12 g at index (71,80,97) at time 11.651 m.y.
Uncompensated deficit of 6.33293e-14 g at index (79,126,47) at time 11.655 m.y.
Uncompensated deficit of 5.83831e-11 g at index (29,65,13) at time 11.656 m.y.
Uncompensated deficit of 3.18549e-11 g at index (44,127,131) at time 11.660 m.y.
Uncompensated deficit of 5.70277e-11 g at index (70,78,99) at time 11.662 m.y.
Uncompensated deficit of 1.56104e-12 g at index (46,130,131) at time 11.663 m.y.
Uncompensated deficit of 1.06804e-10 g at index (46,131,129) at time 11.666 m.y.
Uncompensated deficit of 3.72874e-11 g at index (89,39,74) at time 11.667 m.y.
Uncompensated deficit of 1.24634e-10 g at index (45,129,130) at time 11.669 m.y.
Uncompensated deficit of 5.18747e-11 g at index (47,132,130) at time 11.669 m.y.
Uncompensated deficit of 1.54346e-10 g at index (45,128,133) at time 11.675 m.y.
Uncompensated deficit of 8.46442e-11 g at index (34,29,75) at time 11.675 m.y.
Uncompensated deficit of 2.34081e-11 g at index (34,27,74) at time 11.675 m.y.
Uncompensated deficit of 2.67013e-11 g at index (47,131,132) at time 11.676 m.y.
Uncompensated deficit of 5.54145e-11 g at index (90,39,73) at time 11.686 m.y.
Uncompensated deficit of 5.55365e-11 g at index (88,39,75) at time 11.686 m.y.
Uncompensated deficit of 8.31503e-11 g at index (78,127,47) at time 11.688 m.y.
Uncompensated deficit of 9.94748e-11 g at index (80,125,47) at time 11.689 m.y.
Uncompensated deficit of 8.08561e-11 g at index (30,64,15) at time 11.690 m.y.
Uncompensated deficit of 2.83201e-11 g at index (89,37,73) at time 11.701 m.y.
Uncompensated deficit of 1.02995e-12 g at index (48,133,132) at time 11.702 m.y.
Uncompensated deficit of 3.11104e-11 g at index (69,79,99) at time 11.703 m.y.
Uncompensated deficit of 7.92756e-11 g at index (88,37,74) at time 11.703 m.y.
Uncompensated deficit of 3.89516e-11 g at index (89,41,75) at time 11.714 m.y.
Uncompensated deficit of 8.33149e-11 g at index (90,41,74) at time 11.717 m.y.
Uncompensated deficit of 6.39046e-11 g at index (21,46,66) at time 11.732 m.y.
Uncompensated deficit of 2.16191e-11 g at index (35,28,73) at time 11.732 m.y.
Uncompensated deficit of 3.30225e-11 g at index (90,37,72) at time 11.735 m.y.
Uncompensated deficit of 1.01035e-11 g at index (87,39,76) at time 11.740 m.y.
Uncompensated deficit of 6.98281e-11 g at index (91,39,72) at time 11.740 m.y.
Uncompensated deficit of 1.24859e-10 g at index (22,47,67) at time 11.741 m.y.
Uncompensated deficit of 1.10562e-10 g at index (88,134,47) at time 11.741 m.y.
Uncompensated deficit of 3.04821e-11 g at index (87,37,75) at time 11.742 m.y.
Uncompensated deficit of 8.07538e-11 g at index (22,46,69) at time 11.744 m.y.
Uncompensated deficit of 6.54413e-11 g at index (88,41,76) at time 11.746 m.y.
Time = 11750000.000000, delC = 2.61326e-07, NuclRate = 1.9189e-13
Uncompensated deficit of 7.69787e-11 g at index (91,41,73) at time 11.754 m.y.
Uncompensated deficit of 2.32029e-11 g at index (89,134,48) at time 11.755 m.y.
Uncompensated deficit of 1.25843e-10 g at index (23,48,67) at time 11.756 m.y.
Uncompensated deficit of 8.11799e-11 g at index (77,123,16) at time 11.761 m.y.
Uncompensated deficit of 3.2699e-11 g at index (87,133,46) at time 11.772 m.y.
Uncompensated deficit of 1.12342e-10 g at index (79,85,72) at time 11.773 m.y.
Uncompensated deficit of 3.68554e-11 g at index (36,30,73) at time 11.774 m.y.
Uncompensated deficit of 4.17225e-12 g at index (36,59,15) at time 11.782 m.y.
Uncompensated deficit of 4.32951e-11 g at index (29,105,106) at time 11.783 m.y.
Uncompensated deficit of 5.10451e-11 g at index (36,58,16) at time 11.784 m.y.
Uncompensated deficit of 9.41433e-11 g at index (36,64,116) at time 11.794 m.y.
Uncompensated deficit of 4.39744e-11 g at index (35,64,115) at time 11.796 m.y.
Uncompensated deficit of 6.80438e-13 g at index (78,124,18) at time 11.804 m.y.
Uncompensated deficit of 3.51106e-12 g at index (37,30,72) at time 11.804 m.y.
Uncompensated deficit of 8.44229e-11 g at index (28,105,107) at time 11.806 m.y.
Uncompensated deficit of 3.93508e-11 g at index (72,84,85) at time 11.814 m.y.
Uncompensated deficit of 1.82557e-11 g at index (37,31,73) at time 11.816 m.y.
Uncompensated deficit of 3.28898e-11 g at index (37,57,15) at time 11.817 m.y.
Uncompensated deficit of 1.19714e-10 g at index (86,39,77) at time 11.826 m.y.
Uncompensated deficit of 8.53286e-11 g at index (92,39,71) at time 11.831 m.y.
Uncompensated deficit of 3.74121e-11 g at index (79,39,7) at time 11.835 m.y.
Uncompensated deficit of 1.09023e-10 g at index (38,31,72) at time 11.836 m.y.
Uncompensated deficit of 2.29298e-10 g at index (35,62,14) at time 11.845 m.y.
Uncompensated deficit of 1.03322e-10 g at index (116,137,45) at time 11.846 m.y.
Uncompensated deficit of 1.04509e-10 g at index (37,56,16) at time 11.848 m.y.
Uncompensated deficit of 7.99331e-11 g at index (16,16,109) at time 11.851 m.y.
Uncompensated deficit of 1.87264e-11 g at index (27,105,108) at time 11.857 m.y.
Uncompensated deficit of 3.14887e-11 g at index (15,14,107) at time 11.862 m.y.
Uncompensated deficit of 2.72079e-11 g at index (85,125,125) at time 11.867 m.y.
Uncompensated deficit of 5.06627e-11 g at index (39,64,119) at time 11.868 m.y.
Uncompensated deficit of 3.82165e-11 g at index (39,32,72) at time 11.881 m.y.
Uncompensated deficit of 1.84501e-12 g at index (90,117,123) at time 11.899 m.y.
Uncompensated deficit of 5.52908e-11 g at index (18,103,58) at time 11.901 m.y.
Uncompensated deficit of 1.39307e-10 g at index (87,123,127) at time 11.904 m.y.
Uncompensated deficit of 1.36407e-10 g at index (77,80,82) at time 11.906 m.y.
Uncompensated deficit of 9.00298e-11 g at index (89,118,124) at time 11.909 m.y.
Uncompensated deficit of 3.37467e-11 g at index (86,122,125) at time 11.909 m.y.
Uncompensated deficit of 1.04342e-10 g at index (91,117,124) at time 11.912 m.y.
Uncompensated deficit of 4.20957e-12 g at index (97,130,34) at time 11.920 m.y.
Uncompensated deficit of 7.64442e-12 g at index (90,118,125) at time 11.927 m.y.
Uncompensated deficit of 1.35804e-10 g at index (87,121,125) at time 11.930 m.y.
Uncompensated deficit of 9.68313e-11 g at index (88,119,124) at time 11.930 m.y.
Uncompensated deficit of 5.23066e-11 g at index (128,47,76) at time 11.934 m.y.
Uncompensated deficit of 3.89383e-11 g at index (86,121,124) at time 11.936 m.y.
Uncompensated deficit of 6.78344e-11 g at index (97,129,35) at time 11.936 m.y.
Uncompensated deficit of 1.15209e-11 g at index (87,120,124) at time 11.940 m.y.
Uncompensated deficit of 6.22e-11 g at index (136,109,40) at time 11.944 m.y.
Uncompensated deficit of 5.33039e-11 g at index (88,120,126) at time 11.948 m.y.
Uncompensated deficit of 1.75439e-11 g at index (134,109,39) at time 11.953 m.y.
Uncompensated deficit of 1.50007e-10 g at index (88,121,127) at time 11.954 m.y.
Uncompensated deficit of 7.61449e-11 g at index (45,61,12) at time 11.956 m.y.
Uncompensated deficit of 7.73723e-11 g at index (46,61,13) at time 11.960 m.y.
Uncompensated deficit of 6.81755e-11 g at index (135,107,39) at time 11.969 m.y.
Uncompensated deficit of 9.45704e-11 g at index (89,120,127) at time 11.976 m.y.
Uncompensated deficit of 2.46833e-11 g at index (44,61,11) at time 11.977 m.y.
Uncompensated deficit of 6.18311e-11 g at index (38,126,57) at time 11.978 m.y.
Uncompensated deficit of 1.16448e-10 g at index (44,59,12) at time 11.987 m.y.
Uncompensated deficit of 1.91475e-10 g at index (89,121,128) at time 11.994 m.y.
Uncompensated deficit of 1.64201e-10 g at index (123,98,129) at time 11.998 m.y.
Time = 12000000.000000, delC = 2.61326e-07, NuclRate = 1.9189e-13
Uncompensated deficit of 1.1294e-10 g at index (138,110,41) at time 12.006 m.y.
Uncompensated deficit of 1.53055e-10 g at index (96,115,123) at time 12.018 m.y.
Uncompensated deficit of 1.89758e-11 g at index (97,115,124) at time 12.019 m.y.
Uncompensated deficit of 7.28447e-11 g at index (102,116,124) at time 12.051 m.y.
Uncompensated deficit of 7.1193e-11 g at index (107,49,98) at time 12.058 m.y.
Uncompensated deficit of 5.24423e-11 g at index (36,117,102) at time 12.067 m.y.
Uncompensated deficit of 6.66834e-11 g at index (106,49,99) at time 12.085 m.y.
Uncompensated deficit of 5.44588e-11 g at index (108,48,99) at time 12.086 m.y.
Uncompensated deficit of 6.66733e-11 g at index (107,50,97) at time 12.087 m.y.
Uncompensated deficit of 1.10837e-10 g at index (70,79,74) at time 12.088 m.y.
Uncompensated deficit of 4.20414e-10 g at index (69,82,76) at time 12.091 m.y.
Uncompensated deficit of 1.9925e-10 g at index (68,78,73) at time 12.092 m.y.
Uncompensated deficit of 4.07359e-10 g at index (69,81,75) at time 12.092 m.y.
Uncompensated deficit of 8.0409e-11 g at index (49,103,43) at time 12.093 m.y.
Uncompensated deficit of 2.48245e-11 g at index (92,50,84) at time 12.094 m.y.
Uncompensated deficit of 2.89811e-10 g at index (69,77,73) at time 12.096 m.y.
Uncompensated deficit of 7.16262e-11 g at index (27,109,96) at time 12.097 m.y.
Uncompensated deficit of 5.47499e-11 g at index (49,102,42) at time 12.102 m.y.
Uncompensated deficit of 1.7803e-11 g at index (49,104,44) at time 12.104 m.y.
Uncompensated deficit of 3.94557e-11 g at index (91,49,82) at time 12.107 m.y.
Uncompensated deficit of 1.6009e-11 g at index (107,48,100) at time 12.107 m.y.
Uncompensated deficit of 7.95897e-11 g at index (27,108,95) at time 12.110 m.y.
Uncompensated deficit of 3.65799e-11 g at index (26,110,97) at time 12.126 m.y.
Uncompensated deficit of 1.46613e-10 g at index (42,116,100) at time 12.127 m.y.
Uncompensated deficit of 2.12552e-11 g at index (49,101,41) at time 12.130 m.y.
Uncompensated deficit of 9.28933e-12 g at index (91,47,78) at time 12.132 m.y.
Uncompensated deficit of 6.57573e-11 g at index (51,103,42) at time 12.132 m.y.
Uncompensated deficit of 1.60607e-10 g at index (90,47,79) at time 12.132 m.y.
Uncompensated deficit of 1.41108e-10 g at index (90,48,81) at time 12.137 m.y.
Uncompensated deficit of 3.91068e-11 g at index (51,102,41) at time 12.139 m.y.
Uncompensated deficit of 4.91769e-11 g at index (109,47,100) at time 12.139 m.y.
Uncompensated deficit of 1.20906e-10 g at index (23,107,78) at time 12.140 m.y.
Uncompensated deficit of 1.46935e-10 g at index (51,104,43) at time 12.141 m.y.
Uncompensated deficit of 2.90006e-11 g at index (119,37,79) at time 12.141 m.y.
Uncompensated deficit of 1.96603e-11 g at index (25,108,94) at time 12.142 m.y.
Uncompensated deficit of 3.78034e-13 g at index (93,51,86) at time 12.143 m.y.
Uncompensated deficit of 1.68958e-10 g at index (89,47,80) at time 12.147 m.y.
Uncompensated deficit of 2.36805e-11 g at index (105,51,97) at time 12.149 m.y.
Uncompensated deficit of 5.05583e-12 g at index (106,51,96) at time 12.149 m.y.
Uncompensated deficit of 7.3818e-11 g at index (120,37,80) at time 12.153 m.y.
Uncompensated deficit of 6.69619e-11 g at index (119,39,80) at time 12.156 m.y.
Uncompensated deficit of 5.75403e-11 g at index (118,39,79) at time 12.156 m.y.
Uncompensated deficit of 3.2185e-11 g at index (50,101,40) at time 12.160 m.y.
Uncompensated deficit of 5.20302e-11 g at index (118,37,78) at time 12.162 m.y.
Uncompensated deficit of 4.74518e-11 g at index (108,47,101) at time 12.163 m.y.
Uncompensated deficit of 8.81798e-11 g at index (52,102,40) at time 12.170 m.y.
Uncompensated deficit of 8.31555e-11 g at index (29,108,96) at time 12.171 m.y.
Uncompensated deficit of 4.31117e-11 g at index (102,76,104) at time 12.177 m.y.
Uncompensated deficit of 7.32044e-11 g at index (48,100,40) at time 12.182 m.y.
Uncompensated deficit of 7.31689e-11 g at index (101,76,105) at time 12.183 m.y.
Uncompensated deficit of 5.98009e-11 g at index (117,39,78) at time 12.187 m.y.
Uncompensated deficit of 6.6161e-11 g at index (120,39,81) at time 12.188 m.y.
Uncompensated deficit of 2.79437e-11 g at index (102,77,105) at time 12.188 m.y.
Uncompensated deficit of 4.51271e-11 g at index (101,75,104) at time 12.190 m.y.
Uncompensated deficit of 6.0154e-11 g at index (103,77,103) at time 12.200 m.y.
Uncompensated deficit of 5.43039e-11 g at index (25,111,98) at time 12.202 m.y.
Uncompensated deficit of 1.1801e-10 g at index (53,102,39) at time 12.206 m.y.
Uncompensated deficit of 9.09097e-11 g at index (30,80,82) at time 12.209 m.y.
Uncompensated deficit of 6.2218e-11 g at index (54,104,41) at time 12.214 m.y.
Uncompensated deficit of 7.18824e-11 g at index (102,78,106) at time 12.217 m.y.
Uncompensated deficit of 1.19184e-10 g at index (100,74,104) at time 12.231 m.y.
Uncompensated deficit of 9.616e-11 g at index (54,105,42) at time 12.234 m.y.
Uncompensated deficit of 8.1036e-12 g at index (125,58,125) at time 12.243 m.y.
Uncompensated deficit of 1.06413e-10 g at index (109,46,102) at time 12.249 m.y.
Time = 12250000.000000, delC = 2.61326e-07, NuclRate = 1.9189e-13
Uncompensated deficit of 9.53778e-11 g at index (104,78,103) at time 12.253 m.y.
Uncompensated deficit of 9.86895e-11 g at index (126,59,125) at time 12.254 m.y.
Uncompensated deficit of 2.79786e-11 g at index (124,57,125) at time 12.261 m.y.
Uncompensated deficit of 2.21751e-11 g at index (55,105,41) at time 12.270 m.y.
Uncompensated deficit of 4.80962e-11 g at index (104,79,104) at time 12.270 m.y.
Uncompensated deficit of 1.10005e-11 g at index (46,5,119) at time 12.276 m.y.
Uncompensated deficit of 3.6365e-11 g at index (44,5,118) at time 12.281 m.y.
Uncompensated deficit of 1.27888e-10 g at index (124,56,124) at time 12.281 m.y.
Uncompensated deficit of 1.50145e-11 g at index (45,7,119) at time 12.283 m.y.
Uncompensated deficit of 1.05658e-11 g at index (45,3,118) at time 12.290 m.y.
Uncompensated deficit of 1.56944e-10 g at index (95,85,64) at time 12.300 m.y.
Uncompensated deficit of 1.15583e-10 g at index (96,83,64) at time 12.305 m.y.
Uncompensated deficit of 7.87645e-11 g at index (97,84,65) at time 12.306 m.y.
Uncompensated deficit of 1.21566e-10 g at index (116,112,54) at time 12.312 m.y.
Uncompensated deficit of 1.30857e-10 g at index (98,84,66) at time 12.313 m.y.
Uncompensated deficit of 6.46156e-11 g at index (47,7,120) at time 12.315 m.y.
Uncompensated deficit of 9.72579e-11 g at index (53,114,51) at time 12.319 m.y.
Uncompensated deficit of 7.72182e-11 g at index (96,86,65) at time 12.321 m.y.
Uncompensated deficit of 1.20662e-11 g at index (125,55,122) at time 12.330 m.y.
Uncompensated deficit of 5.41579e-11 g at index (43,3,117) at time 12.333 m.y.
Uncompensated deficit of 1.13494e-10 g at index (99,84,67) at time 12.334 m.y.
Uncompensated deficit of 4.79747e-11 g at index (97,86,66) at time 12.335 m.y.
Uncompensated deficit of 2.13571e-10 g at index (31,110,100) at time 12.339 m.y.
Uncompensated deficit of 1.26791e-10 g at index (114,109,54) at time 12.363 m.y.
Uncompensated deficit of 7.13492e-11 g at index (15,108,67) at time 12.365 m.y.
Uncompensated deficit of 1.29518e-10 g at index (100,84,68) at time 12.371 m.y.
Uncompensated deficit of 7.53657e-11 g at index (12,107,66) at time 12.372 m.y.
Uncompensated deficit of 2.36123e-10 g at index (50,110,48) at time 12.379 m.y.
Uncompensated deficit of 2.32814e-13 g at index (93,50,58) at time 12.381 m.y.
Uncompensated deficit of 6.69413e-11 g at index (15,109,70) at time 12.392 m.y.
Uncompensated deficit of 2.08139e-10 g at index (48,111,49) at time 12.393 m.y.
Uncompensated deficit of 2.14448e-11 g at index (116,20,78) at time 12.394 m.y.
Uncompensated deficit of 1.0015e-10 g at index (9,97,62) at time 12.396 m.y.
Uncompensated deficit of 9.20102e-11 g at index (8,98,64) at time 12.401 m.y.
Uncompensated deficit of 3.34448e-11 g at index (117,19,79) at time 12.401 m.y.
Uncompensated deficit of 5.52162e-11 g at index (14,109,71) at time 12.402 m.y.
Uncompensated deficit of 6.43962e-11 g at index (115,19,78) at time 12.406 m.y.
Uncompensated deficit of 3.77681e-11 g at index (48,8,121) at time 12.408 m.y.
Uncompensated deficit of 8.25606e-12 g at index (114,20,77) at time 12.413 m.y.
Uncompensated deficit of 1.01805e-11 g at index (116,21,77) at time 12.418 m.y.
Uncompensated deficit of 1.35637e-10 g at index (41,4,116) at time 12.423 m.y.
Uncompensated deficit of 8.9146e-11 g at index (101,83,69) at time 12.425 m.y.
Uncompensated deficit of 8.37279e-11 g at index (115,18,79) at time 12.428 m.y.
Uncompensated deficit of 2.80912e-11 g at index (16,41,99) at time 12.430 m.y.
Uncompensated deficit of 1.06847e-10 g at index (27,104,90) at time 12.431 m.y.
Uncompensated deficit of 7.9885e-11 g at index (110,117,129) at time 12.433 m.y.
Uncompensated deficit of 2.55011e-10 g at index (72,93,95) at time 12.434 m.y.
Uncompensated deficit of 7.15555e-11 g at index (118,21,78) at time 12.437 m.y.
Uncompensated deficit of 8.70736e-11 g at index (117,18,80) at time 12.440 m.y.
Uncompensated deficit of 5.42766e-11 g at index (114,21,76) at time 12.445 m.y.
Uncompensated deficit of 5.35456e-12 g at index (115,113,132) at time 12.449 m.y.
Uncompensated deficit of 7.71618e-11 g at index (114,114,131) at time 12.452 m.y.
Uncompensated deficit of 1.00266e-11 g at index (113,19,77) at time 12.452 m.y.
Uncompensated deficit of 6.30133e-11 g at index (95,49,62) at time 12.455 m.y.
Uncompensated deficit of 1.43876e-11 g at index (133,107,71) at time 12.455 m.y.
Uncompensated deficit of 5.60818e-11 g at index (95,47,61) at time 12.455 m.y.
Uncompensated deficit of 1.07268e-10 g at index (90,76,92) at time 12.458 m.y.
Uncompensated deficit of 7.07941e-11 g at index (91,77,91) at time 12.462 m.y.
Uncompensated deficit of 2.31664e-11 g at index (116,112,133) at time 12.462 m.y.
Uncompensated deficit of 1.80046e-11 g at index (113,20,76) at time 12.463 m.y.
Uncompensated deficit of 1.05767e-10 g at index (116,22,76) at time 12.466 m.y.
Uncompensated deficit of 2.52866e-11 g at index (92,50,56) at time 12.466 m.y.
Uncompensated deficit of 8.4287e-11 g at index (113,115,130) at time 12.467 m.y.
Uncompensated deficit of 2.35644e-11 g at index (119,19,80) at time 12.467 m.y.
Uncompensated deficit of 4.56145e-11 g at index (110,120,16) at time 12.468 m.y.
Uncompensated deficit of 5.82741e-11 g at index (134,108,72) at time 12.472 m.y.
Uncompensated deficit of 5.01896e-11 g at index (90,78,91) at time 12.473 m.y.
Uncompensated deficit of 4.97224e-12 g at index (89,77,92) at time 12.473 m.y.
Uncompensated deficit of 1.44972e-10 g at index (90,75,93) at time 12.476 m.y.
Uncompensated deficit of 1.6835e-10 g at index (86,77,94) at time 12.476 m.y.
Uncompensated deficit of 7.11293e-11 g at index (133,106,72) at time 12.477 m.y.
Uncompensated deficit of 1.09052e-10 g at index (15,43,100) at time 12.481 m.y.
Uncompensated deficit of 1.3517e-10 g at index (88,76,93) at time 12.481 m.y.
Uncompensated deficit of 2.36034e-10 g at index (87,78,93) at time 12.491 m.y.
Uncompensated deficit of 2.35805e-10 g at index (87,76,94) at time 12.492 m.y.
Uncompensated deficit of 2.26795e-11 g at index (88,78,92) at time 12.493 m.y.
Uncompensated deficit of 1.5556e-10 g at index (9,104,64) at time 12.495 m.y.
Uncompensated deficit of 2.47125e-12 g at index (88,75,94) at time 12.496 m.y.
Uncompensated deficit of 4.97275e-11 g at index (93,78,90) at time 12.497 m.y.
Uncompensated deficit of 8.1444e-11 g at index (113,21,75) at time 12.497 m.y.
Uncompensated deficit of 4.0913e-11 g at index (11,47,133) at time 12.498 m.y.
Uncompensated deficit of 5.4915e-11 g at index (87,75,95) at time 12.499 m.y.
Uncompensated deficit of 6.99141e-11 g at index (10,48,132) at time 12.499 m.y.
Uncompensated deficit of 9.1302e-11 g at index (114,22,75) at time 12.499 m.y.
Time = 12500000.000000, delC = 2.61326e-07, NuclRate = 1.9189e-13
Uncompensated deficit of 8.74385e-11 g at index (124,116,40) at time 12.500 m.y.
Uncompensated deficit of 7.89483e-11 g at index (134,109,71) at time 12.501 m.y.
Uncompensated deficit of 2.19577e-11 g at index (12,47,132) at time 12.502 m.y.
Uncompensated deficit of 1.94732e-11 g at index (132,106,71) at time 12.503 m.y.
Uncompensated deficit of 1.2371e-10 g at index (115,112,135) at time 12.503 m.y.
Uncompensated deficit of 1.87856e-10 g at index (90,74,94) at time 12.503 m.y.
Uncompensated deficit of 2.93431e-11 g at index (118,111,131) at time 12.505 m.y.
Uncompensated deficit of 1.0518e-10 g at index (132,107,70) at time 12.506 m.y.
Uncompensated deficit of 2.58501e-10 g at index (87,80,92) at time 12.511 m.y.
Uncompensated deficit of 2.10202e-10 g at index (87,74,96) at time 12.516 m.y.
Uncompensated deficit of 1.93857e-10 g at index (88,74,95) at time 12.516 m.y.
Uncompensated deficit of 6.51659e-12 g at index (112,20,75) at time 12.517 m.y.
Uncompensated deficit of 3.32474e-11 g at index (135,108,73) at time 12.518 m.y.
Uncompensated deficit of 2.86166e-11 g at index (135,109,72) at time 12.525 m.y.
Uncompensated deficit of 9.44699e-11 g at index (116,16,81) at time 12.530 m.y.
Uncompensated deficit of 3.0099e-11 g at index (112,17,78) at time 12.533 m.y.
Uncompensated deficit of 3.25199e-11 g at index (123,115,39) at time 12.537 m.y.
Uncompensated deficit of 1.94292e-11 g at index (20,113,101) at time 12.540 m.y.
Uncompensated deficit of 8.96608e-11 g at index (118,110,134) at time 12.544 m.y.
Uncompensated deficit of 8.62644e-12 g at index (19,113,100) at time 12.547 m.y.
Uncompensated deficit of 2.29122e-10 g at index (67,77,113) at time 12.547 m.y.
Uncompensated deficit of 8.55709e-11 g at index (12,46,134) at time 12.548 m.y.
Uncompensated deficit of 1.52244e-11 g at index (135,107,74) at time 12.548 m.y.
Uncompensated deficit of 1.24302e-10 g at index (119,110,132) at time 12.550 m.y.
Uncompensated deficit of 1.1344e-10 g at index (22,110,64) at time 12.550 m.y.
Uncompensated deficit of 2.90111e-10 g at index (66,77,112) at time 12.551 m.y.
Uncompensated deficit of 6.34781e-11 g at index (13,46,133) at time 12.552 m.y.
Uncompensated deficit of 1.27804e-11 g at index (9,49,131) at time 12.552 m.y.
Uncompensated deficit of 2.14302e-10 g at index (21,112,107) at time 12.553 m.y.
Uncompensated deficit of 4.62726e-12 g at index (113,22,74) at time 12.555 m.y.
Uncompensated deficit of 3.14863e-10 g at index (68,77,114) at time 12.555 m.y.
Uncompensated deficit of 1.65984e-10 g at index (26,118,106) at time 12.557 m.y.
Uncompensated deficit of 9.45917e-11 g at index (112,21,74) at time 12.558 m.y.
Uncompensated deficit of 2.87253e-10 g at index (26,117,105) at time 12.570 m.y.
Uncompensated deficit of 1.5573e-10 g at index (24,114,104) at time 12.571 m.y.
Uncompensated deficit of 1.77617e-10 g at index (69,77,115) at time 12.573 m.y.
Uncompensated deficit of 7.30715e-10 g at index (25,115,104) at time 12.574 m.y.
Uncompensated deficit of 6.72321e-11 g at index (8,49,132) at time 12.574 m.y.
Uncompensated deficit of 1.46432e-10 g at index (46,118,56) at time 12.585 m.y.
Uncompensated deficit of 8.87969e-11 g at index (118,16,82) at time 12.588 m.y.
Uncompensated deficit of 1.98684e-10 g at index (45,117,56) at time 12.591 m.y.
Uncompensated deficit of 3.81753e-10 g at index (46,119,57) at time 12.593 m.y.
Uncompensated deficit of 1.44863e-10 g at index (44,116,56) at time 12.599 m.y.
Uncompensated deficit of 9.34367e-11 g at index (120,109,133) at time 12.608 m.y.
Uncompensated deficit of 8.38317e-11 g at index (50,70,8) at time 12.614 m.y.
Uncompensated deficit of 7.22291e-11 g at index (33,11,75) at time 12.617 m.y.
Uncompensated deficit of 5.0236e-11 g at index (34,11,73) at time 12.617 m.y.
Uncompensated deficit of 3.65662e-12 g at index (33,12,74) at time 12.621 m.y.
Uncompensated deficit of 6.35007e-11 g at index (112,22,73) at time 12.621 m.y.
Uncompensated deficit of 5.81084e-11 g at index (64,50,2) at time 12.632 m.y.
Uncompensated deficit of 5.33379e-11 g at index (32,12,75) at time 12.640 m.y.
Uncompensated deficit of 2.56394e-10 g at index (131,108,66) at time 12.640 m.y.
Uncompensated deficit of 5.35222e-11 g at index (33,10,76) at time 12.641 m.y.
Uncompensated deficit of 7.16932e-11 g at index (122,108,132) at time 12.642 m.y.
Uncompensated deficit of 5.61126e-11 g at index (35,10,73) at time 12.642 m.y.
Uncompensated deficit of 7.12995e-11 g at index (35,9,74) at time 12.646 m.y.
Uncompensated deficit of 8.13143e-12 g at index (31,15,73) at time 12.646 m.y.
Uncompensated deficit of 8.78611e-11 g at index (14,45,134) at time 12.649 m.y.
Uncompensated deficit of 2.40196e-10 g at index (130,107,66) at time 12.649 m.y.
Uncompensated deficit of 1.30203e-10 g at index (32,13,74) at time 12.651 m.y.
Uncompensated deficit of 2.98962e-11 g at index (132,110,66) at time 12.653 m.y.
Uncompensated deficit of 9.21495e-12 g at index (121,108,134) at time 12.655 m.y.
Uncompensated deficit of 6.70577e-11 g at index (34,12,72) at time 12.660 m.y.
Uncompensated deficit of 1.4656e-10 g at index (31,14,74) at time 12.665 m.y.
Uncompensated deficit of 8.33219e-11 g at index (32,14,72) at time 12.670 m.y.
Uncompensated deficit of 3.50456e-11 g at index (42,77,59) at time 12.671 m.y.
Uncompensated deficit of 6.00902e-11 g at index (61,66,9) at time 12.674 m.y.
Uncompensated deficit of 3.37682e-11 g at index (35,8,75) at time 12.679 m.y.
Uncompensated deficit of 2.9356e-10 g at index (133,111,66) at time 12.680 m.y.
Uncompensated deficit of 8.44767e-11 g at index (70,99,10) at time 12.681 m.y.
Uncompensated deficit of 2.04181e-11 g at index (60,67,8) at time 12.682 m.y.
Uncompensated deficit of 5.8711e-11 g at index (69,99,11) at time 12.688 m.y.
Uncompensated deficit of 5.03106e-11 g at index (71,101,10) at time 12.689 m.y.
Uncompensated deficit of 3.24499e-11 g at index (33,9,77) at time 12.692 m.y.
Uncompensated deficit of 4.75587e-11 g at index (107,131,34) at time 12.696 m.y.
Uncompensated deficit of 1.09673e-11 g at index (71,99,9) at time 12.709 m.y.
Uncompensated deficit of 1.2955e-10 g at index (62,65,9) at time 12.712 m.y.
Uncompensated deficit of 1.46323e-11 g at index (108,130,34) at time 12.727 m.y.
Uncompensated deficit of 3.15165e-11 g at index (59,68,9) at time 12.727 m.y.
Uncompensated deficit of 4.18967e-11 g at index (72,101,9) at time 12.732 m.y.
Uncompensated deficit of 1.10611e-10 g at index (84,28,95) at time 12.732 m.y.
Uncompensated deficit of 6.53333e-11 g at index (25,44,108) at time 12.734 m.y.
Uncompensated deficit of 9.08324e-11 g at index (84,25,93) at time 12.738 m.y.
Uncompensated deficit of 1.01688e-10 g at index (114,13,83) at time 12.743 m.y.
Uncompensated deficit of 1.24831e-10 g at index (5,27,97) at time 12.743 m.y.
Uncompensated deficit of 1.21351e-10 g at index (5,26,98) at time 12.749 m.y.
Time = 12750000.000000, delC = 2.61326e-07, NuclRate = 1.9189e-13
Uncompensated deficit of 1.06133e-10 g at index (55,130,88) at time 12.751 m.y.
Uncompensated deficit of 1.27774e-10 g at index (5,25,99) at time 12.751 m.y.
Uncompensated deficit of 9.30921e-11 g at index (54,130,89) at time 12.752 m.y.
Uncompensated deficit of 1.62407e-10 g at index (3,26,97) at time 12.756 m.y.
Uncompensated deficit of 8.18823e-11 g at index (117,127,39) at time 12.766 m.y.
Uncompensated deficit of 1.05599e-10 g at index (72,99,8) at time 12.766 m.y.
Uncompensated deficit of 6.56717e-11 g at index (5,24,100) at time 12.773 m.y.
Uncompensated deficit of 1.58822e-11 g at index (99,128,50) at time 12.775 m.y.
Uncompensated deficit of 9.07791e-11 g at index (75,30,122) at time 12.775 m.y.
Uncompensated deficit of 1.14524e-10 g at index (83,28,93) at time 12.776 m.y.
Uncompensated deficit of 8.88474e-12 g at index (100,128,49) at time 12.777 m.y.
Uncompensated deficit of 1.18984e-10 g at index (96,127,51) at time 12.779 m.y.
Uncompensated deficit of 1.12053e-10 g at index (76,31,121) at time 12.780 m.y.
Uncompensated deficit of 1.02756e-11 g at index (98,127,49) at time 12.780 m.y.
Uncompensated deficit of 1.02955e-10 g at index (83,29,94) at time 12.785 m.y.
Uncompensated deficit of 1.02781e-10 g at index (100,127,48) at time 12.786 m.y.
Uncompensated deficit of 6.19191e-11 g at index (73,115,50) at time 12.787 m.y.
Uncompensated deficit of 9.01983e-11 g at index (98,128,51) at time 12.787 m.y.
Uncompensated deficit of 4.89045e-11 g at index (97,127,50) at time 12.788 m.y.
Uncompensated deficit of 3.45437e-11 g at index (101,129,49) at time 12.789 m.y.
Uncompensated deficit of 3.65014e-11 g at index (100,129,50) at time 12.790 m.y.
Uncompensated deficit of 3.104e-11 g at index (73,29,123) at time 12.790 m.y.
Uncompensated deficit of 1.75501e-11 g at index (82,27,90) at time 12.791 m.y.
Uncompensated deficit of 1.56708e-10 g at index (101,128,48) at time 12.792 m.y.
Uncompensated deficit of 1.05822e-10 g at index (103,129,48) at time 12.792 m.y.
Uncompensated deficit of 1.13264e-10 g at index (33,102,66) at time 12.798 m.y.
Uncompensated deficit of 8.38475e-11 g at index (96,126,50) at time 12.798 m.y.
Uncompensated deficit of 2.7284e-10 g at index (33,103,65) at time 12.799 m.y.
Uncompensated deficit of 8.83832e-11 g at index (32,104,63) at time 12.800 m.y.
Uncompensated deficit of 7.27275e-12 g at index (97,128,52) at time 12.800 m.y.
Uncompensated deficit of 7.56452e-11 g at index (99,129,51) at time 12.800 m.y.
Uncompensated deficit of 7.08406e-10 g at index (34,102,67) at time 12.801 m.y.
Uncompensated deficit of 4.2274e-10 g at index (34,101,68) at time 12.802 m.y.
Uncompensated deficit of 3.88344e-12 g at index (46,80,71) at time 12.803 m.y.
Uncompensated deficit of 1.48364e-10 g at index (97,126,49) at time 12.804 m.y.
Uncompensated deficit of 9.99474e-11 g at index (35,101,69) at time 12.805 m.y.
Uncompensated deficit of 9.67557e-11 g at index (98,126,48) at time 12.805 m.y.
Uncompensated deficit of 3.96417e-10 g at index (36,100,70) at time 12.808 m.y.
Uncompensated deficit of 1.17426e-10 g at index (103,128,47) at time 12.810 m.y.
Uncompensated deficit of 1.90567e-10 g at index (101,127,47) at time 12.810 m.y.
Uncompensated deficit of 1.17087e-10 g at index (99,126,47) at time 12.814 m.y.
Uncompensated deficit of 4.80467e-11 g at index (100,130,51) at time 12.814 m.y.
Uncompensated deficit of 2.72379e-10 g at index (37,98,72) at time 12.816 m.y.
Uncompensated deficit of 1.72519e-10 g at index (98,129,52) at time 12.817 m.y.
Uncompensated deficit of 4.75634e-11 g at index (81,30,86) at time 12.818 m.y.
Uncompensated deficit of 1.35901e-10 g at index (48,79,71) at time 12.829 m.y.
Uncompensated deficit of 6.74494e-11 g at index (72,116,51) at time 12.830 m.y.
Uncompensated deficit of 8.28792e-11 g at index (46,81,72) at time 12.832 m.y.
Uncompensated deficit of 8.47152e-11 g at index (74,116,52) at time 12.838 m.y.
Uncompensated deficit of 2.94997e-11 g at index (117,126,42) at time 12.841 m.y.
Uncompensated deficit of 1.83293e-11 g at index (44,81,71) at time 12.843 m.y.
Uncompensated deficit of 1.50363e-10 g at index (26,136,53) at time 12.844 m.y.
Uncompensated deficit of 1.98115e-10 g at index (98,125,47) at time 12.845 m.y.
Uncompensated deficit of 1.52351e-10 g at index (101,126,46) at time 12.845 m.y.
Uncompensated deficit of 1.82989e-10 g at index (37,78,79) at time 12.850 m.y.
Uncompensated deficit of 2.84682e-11 g at index (72,117,52) at time 12.855 m.y.
Uncompensated deficit of 5.24692e-11 g at index (48,80,73) at time 12.857 m.y.
Uncompensated deficit of 1.09299e-10 g at index (45,78,68) at time 12.871 m.y.
Uncompensated deficit of 1.06854e-10 g at index (30,104,44) at time 12.872 m.y.
Uncompensated deficit of 3.87055e-10 g at index (43,79,68) at time 12.873 m.y.
Uncompensated deficit of 1.68047e-10 g at index (72,118,53) at time 12.878 m.y.
Uncompensated deficit of 1.49284e-10 g at index (49,79,73) at time 12.879 m.y.
Uncompensated deficit of 1.43127e-10 g at index (42,80,69) at time 12.881 m.y.
Uncompensated deficit of 3.61399e-11 g at index (123,15,104) at time 12.887 m.y.
Uncompensated deficit of 1.6038e-11 g at index (4,39,36) at time 12.892 m.y.
Uncompensated deficit of 9.57459e-11 g at index (29,105,45) at time 12.894 m.y.
Uncompensated deficit of 1.40959e-11 g at index (112,10,85) at time 12.894 m.y.
Uncompensated deficit of 1.19266e-10 g at index (124,127,32) at time 12.895 m.y.
Uncompensated deficit of 7.21035e-11 g at index (129,38,63) at time 12.897 m.y.
Uncompensated deficit of 3.73252e-11 g at index (4,38,35) at time 12.897 m.y.
Uncompensated deficit of 1.22476e-10 g at index (129,39,64) at time 12.899 m.y.
Uncompensated deficit of 5.25805e-11 g at index (72,119,54) at time 12.901 m.y.
Uncompensated deficit of 8.52162e-11 g at index (27,105,44) at time 12.912 m.y.
Uncompensated deficit of 6.74044e-11 g at index (8,39,35) at time 12.912 m.y.
Uncompensated deficit of 7.19216e-11 g at index (119,122,46) at time 12.919 m.y.
Uncompensated deficit of 1.12876e-11 g at index (66,26,74) at time 12.919 m.y.
Uncompensated deficit of 9.89862e-11 g at index (5,40,37) at time 12.920 m.y.
Uncompensated deficit of 6.67514e-11 g at index (51,78,75) at time 12.920 m.y.
Uncompensated deficit of 2.13845e-11 g at index (50,78,74) at time 12.920 m.y.
Uncompensated deficit of 1.52709e-10 g at index (120,125,44) at time 12.921 m.y.
Uncompensated deficit of 5.9776e-11 g at index (67,26,75) at time 12.923 m.y.
Uncompensated deficit of 1.80972e-11 g at index (75,118,55) at time 12.924 m.y.
Uncompensated deficit of 3.4895e-11 g at index (72,120,55) at time 12.925 m.y.
Uncompensated deficit of 6.62251e-12 g at index (8,38,34) at time 12.926 m.y.
Uncompensated deficit of 2.71364e-12 g at index (71,120,54) at time 12.928 m.y.
Uncompensated deficit of 1.52526e-11 g at index (74,120,56) at time 12.930 m.y.
Uncompensated deficit of 2.02237e-11 g at index (4,37,34) at time 12.931 m.y.
Uncompensated deficit of 6.01789e-11 g at index (75,119,56) at time 12.940 m.y.
Uncompensated deficit of 3.4867e-11 g at index (70,40,31) at time 12.942 m.y.
Uncompensated deficit of 1.20972e-10 g at index (74,121,57) at time 12.944 m.y.
Uncompensated deficit of 1.5674e-10 g at index (75,120,57) at time 12.949 m.y.
Uncompensated deficit of 1.34509e-10 g at index (76,62,57) at time 12.952 m.y.
Uncompensated deficit of 1.09946e-10 g at index (75,121,58) at time 12.955 m.y.
Uncompensated deficit of 9.78009e-11 g at index (74,122,58) at time 12.957 m.y.
Uncompensated deficit of 4.10326e-10 g at index (93,66,59) at time 12.963 m.y.
Uncompensated deficit of 3.8211e-11 g at index (75,122,59) at time 12.963 m.y.
Uncompensated deficit of 8.47474e-11 g at index (75,61,57) at time 12.963 m.y.
Uncompensated deficit of 9.46658e-11 g at index (94,66,60) at time 12.964 m.y.
Uncompensated deficit of 5.09723e-10 g at index (95,67,60) at time 12.967 m.y.
Uncompensated deficit of 1.09729e-10 g at index (8,37,33) at time 12.967 m.y.
Uncompensated deficit of 1.38253e-12 g at index (76,119,57) at time 12.969 m.y.
Uncompensated deficit of 4.23661e-10 g at index (91,64,58) at time 12.969 m.y.
Uncompensated deficit of 3.4751e-11 g at index (5,41,38) at time 12.972 m.y.
Uncompensated deficit of 1.43635e-10 g at index (76,120,58) at time 12.972 m.y.
Uncompensated deficit of 8.92045e-11 g at index (96,67,61) at time 12.974 m.y.
Uncompensated deficit of 1.38511e-11 g at index (74,123,59) at time 12.974 m.y.
Uncompensated deficit of 4.47787e-10 g at index (97,68,61) at time 12.977 m.y.
Uncompensated deficit of 1.64677e-10 g at index (73,123,58) at time 12.979 m.y.
Uncompensated deficit of 2.26607e-10 g at index (89,63,57) at time 12.987 m.y.
Uncompensated deficit of 7.42744e-11 g at index (67,24,74) at time 12.993 m.y.
Uncompensated deficit of 2.90787e-10 g at index (98,68,62) at time 12.994 m.y.
Time = 13000000.000000, delC = 2.61326e-07, NuclRate = 1.9189e-13
Uncompensated deficit of 1.14119e-10 g at index (77,119,58) at time 13.002 m.y.
Uncompensated deficit of 2.60304e-11 g at index (74,124,60) at time 13.005 m.y.
Uncompensated deficit of 8.07883e-11 g at index (68,42,29) at time 13.007 m.y.
Uncompensated deficit of 1.33763e-10 g at index (73,124,59) at time 13.007 m.y.
Uncompensated deficit of 2.27337e-10 g at index (4,23,110) at time 13.009 m.y.
Uncompensated deficit of 2.71838e-10 g at index (5,22,108) at time 13.017 m.y.
Uncompensated deficit of 7.66594e-12 g at index (70,76,15) at time 13.018 m.y.
Uncompensated deficit of 1.10187e-10 g at index (72,124,58) at time 13.021 m.y.
Uncompensated deficit of 2.63049e-10 g at index (6,23,109) at time 13.025 m.y.
Uncompensated deficit of 5.60777e-11 g at index (69,77,15) at time 13.026 m.y.
Uncompensated deficit of 9.64538e-11 g at index (71,31,71) at time 13.031 m.y.
Uncompensated deficit of 4.23494e-12 g at index (70,77,13) at time 13.036 m.y.
Uncompensated deficit of 5.92504e-11 g at index (5,42,39) at time 13.044 m.y.
Uncompensated deficit of 6.7914e-11 g at index (71,75,15) at time 13.047 m.y.
Uncompensated deficit of 1.40089e-10 g at index (73,125,60) at time 13.049 m.y.
Uncompensated deficit of 7.87324e-11 g at index (95,41,25) at time 13.052 m.y.
Uncompensated deficit of 2.37932e-11 g at index (74,125,61) at time 13.053 m.y.
Uncompensated deficit of 3.40632e-10 g at index (15,31,100) at time 13.056 m.y.
Uncompensated deficit of 9.27581e-11 g at index (134,38,59) at time 13.057 m.y.
Uncompensated deficit of 1.33681e-10 g at index (19,71,85) at time 13.058 m.y.
Uncompensated deficit of 8.5029e-11 g at index (70,31,70) at time 13.061 m.y.
Uncompensated deficit of 2.97152e-11 g at index (68,77,16) at time 13.062 m.y.
Uncompensated deficit of 7.60821e-11 g at index (97,40,26) at time 13.063 m.y.
Uncompensated deficit of 1.13951e-10 g at index (69,78,13) at time 13.066 m.y.
Uncompensated deficit of 5.20019e-11 g at index (135,39,60) at time 13.070 m.y.
Uncompensated deficit of 1.79025e-10 g at index (92,89,113) at time 13.076 m.y.
Uncompensated deficit of 3.06004e-11 g at index (94,42,24) at time 13.077 m.y.
Uncompensated deficit of 2.16755e-10 g at index (91,90,113) at time 13.087 m.y.
Uncompensated deficit of 8.08746e-11 g at index (91,91,112) at time 13.087 m.y.
Uncompensated deficit of 1.07267e-10 g at index (72,74,15) at time 13.108 m.y.
Uncompensated deficit of 5.41877e-11 g at index (18,70,86) at time 13.112 m.y.
Uncompensated deficit of 2.47736e-11 g at index (95,43,22) at time 13.124 m.y.
Uncompensated deficit of 8.02429e-11 g at index (93,43,23) at time 13.127 m.y.
Uncompensated deficit of 2.67307e-10 g at index (113,125,33) at time 13.128 m.y.
Uncompensated deficit of 1.72835e-10 g at index (82,121,36) at time 13.129 m.y.
Uncompensated deficit of 2.21883e-10 g at index (83,122,36) at time 13.135 m.y.
Uncompensated deficit of 2.40781e-10 g at index (84,120,37) at time 13.137 m.y.
Uncompensated deficit of 1.60174e-10 g at index (119,131,33) at time 13.139 m.y.
Uncompensated deficit of 7.98174e-11 g at index (118,46,65) at time 13.140 m.y.
Uncompensated deficit of 4.59503e-11 g at index (117,46,66) at time 13.146 m.y.
Uncompensated deficit of 3.68996e-11 g at index (119,47,65) at time 13.155 m.y.
Uncompensated deficit of 2.28862e-11 g at index (27,132,13) at time 13.158 m.y.
Uncompensated deficit of 6.28032e-11 g at index (60,27,38) at time 13.159 m.y.
Uncompensated deficit of 9.3727e-12 g at index (118,48,66) at time 13.161 m.y.
Uncompensated deficit of 2.03225e-11 g at index (119,45,64) at time 13.168 m.y.
Uncompensated deficit of 1.8223e-11 g at index (28,132,12) at time 13.170 m.y.
Uncompensated deficit of 5.92657e-11 g at index (59,26,38) at time 13.172 m.y.
Uncompensated deficit of 1.60614e-11 g at index (61,25,39) at time 13.174 m.y.
Uncompensated deficit of 1.4712e-10 g at index (65,33,37) at time 13.175 m.y.
Uncompensated deficit of 5.85031e-11 g at index (26,133,14) at time 13.177 m.y.
Uncompensated deficit of 7.59607e-11 g at index (26,129,13) at time 13.177 m.y.
Uncompensated deficit of 3.45561e-11 g at index (116,45,66) at time 13.180 m.y.
Uncompensated deficit of 8.98703e-11 g at index (62,27,39) at time 13.186 m.y.
Uncompensated deficit of 1.13646e-10 g at index (118,44,64) at time 13.187 m.y.
Uncompensated deficit of 1.94854e-11 g at index (116,47,67) at time 13.191 m.y.
Uncompensated deficit of 8.94115e-11 g at index (117,48,67) at time 13.192 m.y.
Uncompensated deficit of 1.63477e-10 g at index (120,48,88) at time 13.195 m.y.
Uncompensated deficit of 1.59761e-10 g at index (119,49,87) at time 13.205 m.y.
Uncompensated deficit of 7.51882e-11 g at index (29,132,11) at time 13.207 m.y.
Uncompensated deficit of 3.17925e-11 g at index (119,49,66) at time 13.208 m.y.
Uncompensated deficit of 9.61825e-11 g at index (59,29,37) at time 13.214 m.y.
Uncompensated deficit of 6.33998e-11 g at index (58,28,37) at time 13.220 m.y.
Uncompensated deficit of 1.17974e-10 g at index (119,86,89) at time 13.220 m.y.
Uncompensated deficit of 2.24759e-11 g at index (122,47,90) at time 13.220 m.y.
Uncompensated deficit of 9.09179e-11 g at index (120,45,63) at time 13.221 m.y.
Uncompensated deficit of 8.7968e-11 g at index (60,30,37) at time 13.221 m.y.
Uncompensated deficit of 4.5715e-11 g at index (119,85,90) at time 13.222 m.y.
Uncompensated deficit of 1.24525e-10 g at index (120,85,89) at time 13.223 m.y.
Uncompensated deficit of 1.77669e-10 g at index (61,31,37) at time 13.227 m.y.
Uncompensated deficit of 3.16877e-11 g at index (63,30,38) at time 13.227 m.y.
Uncompensated deficit of 9.20911e-11 g at index (99,60,93) at time 13.230 m.y.
Uncompensated deficit of 1.22944e-10 g at index (98,60,94) at time 13.234 m.y.
Uncompensated deficit of 8.53603e-11 g at index (100,61,92) at time 13.237 m.y.
Uncompensated deficit of 2.86538e-11 g at index (121,46,63) at time 13.248 m.y.
Time = 13250000.000000, delC = 2.61326e-07, NuclRate = 1.9189e-13
Uncompensated deficit of 1.13769e-11 g at index (63,25,40) at time 13.252 m.y.
Uncompensated deficit of 7.57234e-11 g at index (103,44,122) at time 13.253 m.y.
Uncompensated deficit of 1.37462e-10 g at index (101,61,91) at time 13.256 m.y.
Uncompensated deficit of 1.1798e-10 g at index (102,44,121) at time 13.259 m.y.
Uncompensated deficit of 6.42524e-11 g at index (64,26,40) at time 13.274 m.y.
Uncompensated deficit of 1.55375e-10 g at index (11,35,111) at time 13.279 m.y.
Uncompensated deficit of 2.67582e-10 g at index (102,63,90) at time 13.290 m.y.
Uncompensated deficit of 2.3272e-11 g at index (12,33,111) at time 13.292 m.y.
Uncompensated deficit of 1.26413e-10 g at index (89,115,50) at time 13.300 m.y.
Uncompensated deficit of 7.80582e-11 g at index (102,45,123) at time 13.301 m.y.
Uncompensated deficit of 8.1173e-11 g at index (101,45,122) at time 13.302 m.y.
Uncompensated deficit of 3.01669e-10 g at index (107,39,25) at time 13.303 m.y.
Uncompensated deficit of 8.74106e-11 g at index (120,126,18) at time 13.304 m.y.
Uncompensated deficit of 3.52349e-11 g at index (103,45,124) at time 13.314 m.y.
Uncompensated deficit of 4.03603e-10 g at index (99,113,42) at time 13.317 m.y.
Uncompensated deficit of 2.82948e-11 g at index (123,124,19) at time 13.321 m.y.
Uncompensated deficit of 1.13878e-10 g at index (120,125,19) at time 13.322 m.y.
Uncompensated deficit of 8.45997e-11 g at index (100,46,123) at time 13.322 m.y.
Uncompensated deficit of 3.63298e-10 g at index (97,114,42) at time 13.323 m.y.
Uncompensated deficit of 4.76651e-10 g at index (14,32,112) at time 13.324 m.y.
Uncompensated deficit of 1.1913e-10 g at index (101,46,124) at time 13.325 m.y.
Uncompensated deficit of 9.16163e-12 g at index (99,47,124) at time 13.330 m.y.
Uncompensated deficit of 9.555e-11 g at index (99,46,122) at time 13.334 m.y.
Uncompensated deficit of 1.67803e-10 g at index (100,47,125) at time 13.337 m.y.
Uncompensated deficit of 3.28008e-10 g at index (117,44,121) at time 13.340 m.y.
Uncompensated deficit of 3.98803e-11 g at index (102,46,125) at time 13.342 m.y.
Uncompensated deficit of 5.06489e-11 g at index (99,48,125) at time 13.345 m.y.
Uncompensated deficit of 1.06202e-10 g at index (98,48,124) at time 13.349 m.y.
Uncompensated deficit of 5.98316e-11 g at index (92,116,44) at time 13.358 m.y.
Uncompensated deficit of 1.20343e-10 g at index (98,49,126) at time 13.368 m.y.
Uncompensated deficit of 1.81053e-10 g at index (97,48,123) at time 13.369 m.y.
Uncompensated deficit of 1.06348e-10 g at index (99,49,127) at time 13.380 m.y.
Uncompensated deficit of 8.70951e-11 g at index (11,79,20) at time 13.388 m.y.
Uncompensated deficit of 2.32926e-11 g at index (7,78,21) at time 13.391 m.y.
Uncompensated deficit of 3.1329e-11 g at index (97,50,126) at time 13.398 m.y.
Uncompensated deficit of 1.89286e-10 g at index (80,42,95) at time 13.406 m.y.
Uncompensated deficit of 2.79546e-10 g at index (81,42,97) at time 13.409 m.y.
Uncompensated deficit of 1.22385e-10 g at index (96,50,125) at time 13.411 m.y.
Uncompensated deficit of 1.39384e-10 g at index (79,42,93) at time 13.415 m.y.
Uncompensated deficit of 2.06506e-10 g at index (131,124,30) at time 13.415 m.y.
Uncompensated deficit of 1.59383e-10 g at index (64,32,69) at time 13.426 m.y.
Uncompensated deficit of 5.29095e-12 g at index (74,31,78) at time 13.429 m.y.
Uncompensated deficit of 2.92547e-10 g at index (73,32,78) at time 13.431 m.y.
Uncompensated deficit of 1.86445e-10 g at index (99,50,129) at time 13.433 m.y.
Uncompensated deficit of 4.58201e-11 g at index (64,31,68) at time 13.433 m.y.
Uncompensated deficit of 1.10041e-10 g at index (110,45,69) at time 13.441 m.y.
Uncompensated deficit of 1.76482e-10 g at index (97,51,128) at time 13.443 m.y.
Uncompensated deficit of 5.1399e-11 g at index (110,43,68) at time 13.446 m.y.
Uncompensated deficit of 5.67546e-11 g at index (117,126,20) at time 13.466 m.y.
Uncompensated deficit of 2.16891e-11 g at index (98,51,130) at time 13.467 m.y.
Uncompensated deficit of 2.81247e-10 g at index (111,47,70) at time 13.470 m.y.
Uncompensated deficit of 1.87705e-10 g at index (117,125,21) at time 13.470 m.y.
Uncompensated deficit of 7.95111e-12 g at index (133,112,107) at time 13.473 m.y.
Uncompensated deficit of 9.61693e-12 g at index (117,124,22) at time 13.477 m.y.
Uncompensated deficit of 6.46523e-11 g at index (110,41,67) at time 13.479 m.y.
Uncompensated deficit of 2.49779e-11 g at index (95,52,127) at time 13.496 m.y.
Uncompensated deficit of 5.00876e-12 g at index (133,125,29) at time 13.499 m.y.
Time = 13500000.000000, delC = 2.61326e-07, NuclRate = 1.9189e-13
Uncompensated deficit of 1.32319e-10 g at index (97,52,131) at time 13.506 m.y.
Uncompensated deficit of 2.02845e-10 g at index (69,58,50) at time 13.527 m.y.
Uncompensated deficit of 1.07113e-10 g at index (15,81,20) at time 13.535 m.y.
Uncompensated deficit of 1.98323e-10 g at index (131,111,101) at time 13.563 m.y.
Uncompensated deficit of 2.68045e-10 g at index (96,54,136) at time 13.566 m.y.
Uncompensated deficit of 2.41869e-10 g at index (97,53,137) at time 13.567 m.y.
Uncompensated deficit of 7.86287e-11 g at index (16,81,21) at time 13.568 m.y.
Uncompensated deficit of 1.05734e-10 g at index (95,54,132) at time 13.569 m.y.
Uncompensated deficit of 2.54992e-11 g at index (99,52,138) at time 13.574 m.y.
Uncompensated deficit of 1.76991e-10 g at index (132,111,100) at time 13.587 m.y.
Uncompensated deficit of 1.65078e-10 g at index (69,59,48) at time 13.587 m.y.
Uncompensated deficit of 9.46461e-11 g at index (16,80,23) at time 13.588 m.y.
Uncompensated deficit of 4.90893e-11 g at index (16,82,20) at time 13.589 m.y.
Uncompensated deficit of 1.56366e-10 g at index (101,51,138) at time 13.590 m.y.
Uncompensated deficit of 6.31388e-11 g at index (17,82,21) at time 13.611 m.y.
Uncompensated deficit of 7.0668e-11 g at index (17,81,23) at time 13.612 m.y.
Uncompensated deficit of 1.30135e-10 g at index (18,82,23) at time 13.641 m.y.
Uncompensated deficit of 1.8139e-10 g at index (17,83,20) at time 13.642 m.y.
Uncompensated deficit of 2.1961e-10 g at index (131,132,42) at time 13.654 m.y.
Uncompensated deficit of 3.20065e-10 g at index (131,130,40) at time 13.662 m.y.
Uncompensated deficit of 5.25963e-12 g at index (131,131,41) at time 13.663 m.y.
Uncompensated deficit of 2.2202e-11 g at index (132,129,94) at time 13.664 m.y.
Uncompensated deficit of 1.63859e-11 g at index (132,128,95) at time 13.666 m.y.
Uncompensated deficit of 7.20788e-11 g at index (131,129,95) at time 13.669 m.y.
Uncompensated deficit of 1.22564e-10 g at index (133,128,36) at time 13.677 m.y.
Uncompensated deficit of 1.34817e-10 g at index (18,81,25) at time 13.678 m.y.
Uncompensated deficit of 1.30526e-10 g at index (19,83,24) at time 13.679 m.y.
Uncompensated deficit of 1.12434e-11 g at index (131,130,94) at time 13.686 m.y.
Uncompensated deficit of 8.17256e-11 g at index (131,128,96) at time 13.688 m.y.
Uncompensated deficit of 2.63658e-11 g at index (132,130,42) at time 13.689 m.y.
Uncompensated deficit of 1.46968e-10 g at index (19,84,22) at time 13.694 m.y.
Uncompensated deficit of 3.34019e-11 g at index (132,130,93) at time 13.699 m.y.
Uncompensated deficit of 8.89914e-11 g at index (130,130,95) at time 13.707 m.y.
Uncompensated deficit of 7.8535e-11 g at index (130,129,96) at time 13.708 m.y.
Uncompensated deficit of 2.35612e-10 g at index (21,43,119) at time 13.720 m.y.
Uncompensated deficit of 9.78919e-11 g at index (131,131,93) at time 13.736 m.y.
Uncompensated deficit of 5.1784e-11 g at index (130,131,94) at time 13.740 m.y.
Uncompensated deficit of 1.39755e-10 g at index (20,85,23) at time 13.746 m.y.
Time = 13750000.000000, delC = 2.61326e-07, NuclRate = 1.9189e-13
Uncompensated deficit of 9.83186e-11 g at index (129,130,96) at time 13.758 m.y.
Uncompensated deficit of 8.65621e-11 g at index (18,127,18) at time 13.772 m.y.
Uncompensated deficit of 1.312e-10 g at index (17,126,16) at time 13.772 m.y.
Uncompensated deficit of 5.51289e-11 g at index (129,131,95) at time 13.773 m.y.
Uncompensated deficit of 1.79171e-10 g at index (17,127,17) at time 13.775 m.y.
Uncompensated deficit of 1.94757e-10 g at index (18,126,17) at time 13.775 m.y.
Uncompensated deficit of 3.54949e-11 g at index (125,73,70) at time 13.789 m.y.
Uncompensated deficit of 1.16613e-11 g at index (127,74,70) at time 13.794 m.y.
Uncompensated deficit of 1.67467e-11 g at index (125,74,71) at time 13.795 m.y.
Uncompensated deficit of 7.29679e-11 g at index (127,73,69) at time 13.798 m.y.
Uncompensated deficit of 8.6508e-11 g at index (125,72,69) at time 13.804 m.y.
Uncompensated deficit of 2.54408e-11 g at index (32,34,101) at time 13.806 m.y.
Uncompensated deficit of 4.48192e-10 g at index (32,35,99) at time 13.807 m.y.
Uncompensated deficit of 5.55983e-10 g at index (32,33,102) at time 13.812 m.y.
Uncompensated deficit of 2.13784e-11 g at index (127,75,71) at time 13.812 m.y.
Uncompensated deficit of 9.06344e-11 g at index (124,73,71) at time 13.812 m.y.
Uncompensated deficit of 4.23811e-11 g at index (124,72,70) at time 13.815 m.y.
Uncompensated deficit of 7.38942e-11 g at index (128,74,69) at time 13.821 m.y.
Uncompensated deficit of 1.80923e-11 g at index (127,72,68) at time 13.821 m.y.
Uncompensated deficit of 2.43915e-11 g at index (125,75,72) at time 13.823 m.y.
Uncompensated deficit of 8.89334e-11 g at index (124,74,72) at time 13.829 m.y.
Uncompensated deficit of 5.82062e-11 g at index (125,71,68) at time 13.834 m.y.
Uncompensated deficit of 1.22375e-10 g at index (124,71,69) at time 13.835 m.y.
Uncompensated deficit of 3.35182e-11 g at index (128,73,68) at time 13.835 m.y.
Uncompensated deficit of 6.34485e-11 g at index (128,131,96) at time 13.839 m.y.
Uncompensated deficit of 5.3119e-11 g at index (119,70,74) at time 13.844 m.y.
Uncompensated deficit of 1.37824e-10 g at index (119,69,73) at time 13.846 m.y.
Uncompensated deficit of 5.52233e-11 g at index (127,76,72) at time 13.850 m.y.
Uncompensated deficit of 8.46828e-11 g at index (89,51,115) at time 13.854 m.y.
Uncompensated deficit of 5.7597e-11 g at index (105,136,81) at time 13.857 m.y.
Uncompensated deficit of 1.15402e-10 g at index (127,71,67) at time 13.860 m.y.
Uncompensated deficit of 1.03414e-09 g at index (88,55,118) at time 13.863 m.y.
Uncompensated deficit of 6.75216e-11 g at index (86,63,122) at time 13.864 m.y.
Uncompensated deficit of 2.88578e-11 g at index (124,75,73) at time 13.864 m.y.
Uncompensated deficit of 1.04042e-11 g at index (124,70,68) at time 13.866 m.y.
Uncompensated deficit of 7.71785e-11 g at index (128,72,67) at time 13.866 m.y.
Uncompensated deficit of 8.15376e-10 g at index (85,67,123) at time 13.867 m.y.
Uncompensated deficit of 7.62298e-10 g at index (87,59,121) at time 13.868 m.y.
Uncompensated deficit of 5.09138e-11 g at index (125,76,73) at time 13.869 m.y.
Uncompensated deficit of 3.9321e-10 g at index (87,58,120) at time 13.869 m.y.
Uncompensated deficit of 5.04707e-11 g at index (85,69,124) at time 13.872 m.y.
Uncompensated deficit of 1.3813e-10 g at index (125,70,67) at time 13.873 m.y.
Uncompensated deficit of 7.32219e-11 g at index (130,75,69) at time 13.892 m.y.
Uncompensated deficit of 5.54643e-11 g at index (123,69,68) at time 13.895 m.y.
Uncompensated deficit of 1.30761e-10 g at index (106,137,79) at time 13.896 m.y.
Uncompensated deficit of 5.33808e-11 g at index (124,69,67) at time 13.898 m.y.
Uncompensated deficit of 1.20627e-10 g at index (127,77,73) at time 13.902 m.y.
Uncompensated deficit of 1.01997e-10 g at index (107,137,81) at time 13.906 m.y.
Uncompensated deficit of 2.80875e-11 g at index (128,71,66) at time 13.907 m.y.
Uncompensated deficit of 7.25886e-11 g at index (130,76,70) at time 13.907 m.y.
Uncompensated deficit of 9.20522e-11 g at index (124,76,74) at time 13.909 m.y.
Uncompensated deficit of 2.68021e-10 g at index (121,66,67) at time 13.913 m.y.
Uncompensated deficit of 2.02525e-11 g at index (121,68,69) at time 13.913 m.y.
Uncompensated deficit of 5.81812e-11 g at index (105,137,78) at time 13.915 m.y.
Uncompensated deficit of 2.59439e-10 g at index (122,68,68) at time 13.917 m.y.
Uncompensated deficit of 1.96668e-10 g at index (123,68,67) at time 13.918 m.y.
Uncompensated deficit of 2.74768e-10 g at index (120,67,69) at time 13.919 m.y.
Uncompensated deficit of 4.95679e-11 g at index (62,124,22) at time 13.919 m.y.
Uncompensated deficit of 1.02648e-10 g at index (62,122,21) at time 13.923 m.y.
Uncompensated deficit of 2.08628e-10 g at index (120,66,68) at time 13.925 m.y.
Uncompensated deficit of 1.64643e-11 g at index (122,67,67) at time 13.925 m.y.
Uncompensated deficit of 2.94425e-10 g at index (123,67,66) at time 13.926 m.y.
Uncompensated deficit of 4.96037e-10 g at index (121,67,68) at time 13.927 m.y.
Uncompensated deficit of 1.75332e-10 g at index (119,66,69) at time 13.932 m.y.
Uncompensated deficit of 2.97984e-11 g at index (128,70,65) at time 13.949 m.y.
Uncompensated deficit of 2.25891e-11 g at index (58,9,137) at time 13.962 m.y.
Uncompensated deficit of 2.13204e-11 g at index (124,77,75) at time 13.964 m.y.
Uncompensated deficit of 9.5061e-11 g at index (127,78,74) at time 13.964 m.y.
Uncompensated deficit of 1.64375e-10 g at index (126,67,64) at time 13.966 m.y.
Uncompensated deficit of 1.19668e-10 g at index (57,12,138) at time 13.977 m.y.
Time = 14000000.000000, delC = 2.61326e-07, NuclRate = 1.9189e-13
Uncompensated deficit of 1.09142e-10 g at index (29,82,34) at time 14.004 m.y.
Uncompensated deficit of 5.79337e-11 g at index (32,83,34) at time 14.005 m.y.
Uncompensated deficit of 9.66998e-11 g at index (30,80,35) at time 14.023 m.y.
Uncompensated deficit of 1.42128e-11 g at index (29,84,33) at time 14.031 m.y.
Uncompensated deficit of 1.11341e-10 g at index (27,83,33) at time 14.041 m.y.
Uncompensated deficit of 3.35615e-10 g at index (21,59,99) at time 14.041 m.y.
Uncompensated deficit of 2.25729e-10 g at index (22,58,99) at time 14.042 m.y.
Uncompensated deficit of 1.54836e-10 g at index (21,58,100) at time 14.044 m.y.
Uncompensated deficit of 4.67116e-10 g at index (23,58,98) at time 14.044 m.y.
Uncompensated deficit of 2.06483e-10 g at index (20,59,100) at time 14.051 m.y.
Uncompensated deficit of 3.47457e-10 g at index (24,58,97) at time 14.053 m.y.
Uncompensated deficit of 7.81445e-11 g at index (23,84,30) at time 14.053 m.y.
Uncompensated deficit of 1.26409e-10 g at index (108,118,104) at time 14.054 m.y.
Uncompensated deficit of 1.01652e-10 g at index (109,119,104) at time 14.055 m.y.
Uncompensated deficit of 1.34528e-10 g at index (38,84,34) at time 14.056 m.y.
Uncompensated deficit of 3.97776e-11 g at index (26,82,33) at time 14.062 m.y.
Uncompensated deficit of 7.70912e-12 g at index (39,83,34) at time 14.064 m.y.
Uncompensated deficit of 3.77786e-11 g at index (41,84,33) at time 14.067 m.y.
Uncompensated deficit of 8.04495e-11 g at index (42,83,33) at time 14.067 m.y.
Uncompensated deficit of 5.6218e-12 g at index (108,121,103) at time 14.068 m.y.
Uncompensated deficit of 1.06943e-10 g at index (44,83,32) at time 14.071 m.y.
Uncompensated deficit of 8.1523e-11 g at index (43,84,32) at time 14.072 m.y.
Uncompensated deficit of 5.49173e-11 g at index (39,85,33) at time 14.072 m.y.
Uncompensated deficit of 8.91595e-11 g at index (43,82,33) at time 14.073 m.y.
Uncompensated deficit of 6.67848e-11 g at index (41,82,34) at time 14.075 m.y.
Uncompensated deficit of 7.18827e-11 g at index (42,85,32) at time 14.076 m.y.
Uncompensated deficit of 1.27528e-10 g at index (36,86,33) at time 14.077 m.y.
Uncompensated deficit of 1.20843e-10 g at index (45,82,32) at time 14.079 m.y.
Uncompensated deficit of 1.21514e-10 g at index (45,84,31) at time 14.081 m.y.
Uncompensated deficit of 6.22582e-11 g at index (46,83,31) at time 14.081 m.y.
Uncompensated deficit of 1.27714e-10 g at index (27,85,32) at time 14.084 m.y.
Uncompensated deficit of 8.91712e-11 g at index (26,84,32) at time 14.085 m.y.
Uncompensated deficit of 2.4796e-11 g at index (44,85,31) at time 14.085 m.y.
Uncompensated deficit of 9.76855e-11 g at index (44,81,33) at time 14.086 m.y.
Uncompensated deficit of 1.27239e-10 g at index (32,78,36) at time 14.087 m.y.
Uncompensated deficit of 8.7935e-11 g at index (42,81,34) at time 14.087 m.y.
Uncompensated deficit of 1.4781e-10 g at index (40,86,32) at time 14.087 m.y.
Uncompensated deficit of 4.84122e-10 g at index (116,33,54) at time 14.089 m.y.
Uncompensated deficit of 2.02279e-11 g at index (29,86,32) at time 14.091 m.y.
Uncompensated deficit of 2.29554e-10 g at index (25,83,32) at time 14.091 m.y.
Uncompensated deficit of 1.31808e-12 g at index (42,86,31) at time 14.094 m.y.
Uncompensated deficit of 1.00394e-10 g at index (136,44,51) at time 14.096 m.y.
Uncompensated deficit of 1.40321e-10 g at index (46,84,30) at time 14.096 m.y.
Uncompensated deficit of 5.6678e-11 g at index (107,123,102) at time 14.098 m.y.
Uncompensated deficit of 2.3405e-10 g at index (24,82,32) at time 14.098 m.y.
Uncompensated deficit of 1.1576e-10 g at index (47,81,31) at time 14.098 m.y.
Uncompensated deficit of 6.60842e-11 g at index (47,83,30) at time 14.098 m.y.
Uncompensated deficit of 1.41922e-10 g at index (106,116,103) at time 14.101 m.y.
Uncompensated deficit of 1.29231e-10 g at index (106,120,102) at time 14.103 m.y.
Uncompensated deficit of 1.47856e-10 g at index (23,81,32) at time 14.105 m.y.
Uncompensated deficit of 1.03817e-10 g at index (43,80,34) at time 14.106 m.y.
Uncompensated deficit of 1.44022e-10 g at index (48,82,30) at time 14.106 m.y.
Uncompensated deficit of 3.38871e-11 g at index (45,80,33) at time 14.107 m.y.
Uncompensated deficit of 1.99076e-11 g at index (136,43,50) at time 14.108 m.y.
Uncompensated deficit of 8.30817e-11 g at index (41,87,31) at time 14.108 m.y.
Uncompensated deficit of 9.34523e-11 g at index (31,87,32) at time 14.108 m.y.
Uncompensated deficit of 1.04012e-10 g at index (25,85,31) at time 14.109 m.y.
Uncompensated deficit of 3.92978e-11 g at index (44,86,30) at time 14.109 m.y.
Uncompensated deficit of 6.01952e-12 g at index (48,84,29) at time 14.118 m.y.
Uncompensated deficit of 1.75135e-10 g at index (43,87,30) at time 14.121 m.y.
Uncompensated deficit of 3.22405e-10 g at index (51,61,59) at time 14.121 m.y.
Uncompensated deficit of 1.58507e-10 g at index (47,85,29) at time 14.123 m.y.
Uncompensated deficit of 2.09191e-10 g at index (138,138,115) at time 14.125 m.y.
Uncompensated deficit of 2.17945e-10 g at index (26,86,31) at time 14.125 m.y.
Uncompensated deficit of 1.50249e-10 g at index (49,82,29) at time 14.125 m.y.
Uncompensated deficit of 1.45782e-10 g at index (52,61,62) at time 14.129 m.y.
Uncompensated deficit of 4.07573e-11 g at index (46,86,29) at time 14.131 m.y.
Uncompensated deficit of 6.22177e-11 g at index (47,79,32) at time 14.134 m.y.
Uncompensated deficit of 1.451e-10 g at index (49,80,30) at time 14.135 m.y.
Uncompensated deficit of 7.2537e-11 g at index (41,88,30) at time 14.135 m.y.
Uncompensated deficit of 5.2449e-11 g at index (134,41,49) at time 14.136 m.y.
Uncompensated deficit of 4.99642e-11 g at index (134,138,114) at time 14.136 m.y.
Uncompensated deficit of 1.22625e-10 g at index (54,83,24) at time 14.136 m.y.
Uncompensated deficit of 2.88785e-11 g at index (54,81,25) at time 14.140 m.y.
Uncompensated deficit of 2.62009e-11 g at index (45,87,29) at time 14.140 m.y.
Uncompensated deficit of 1.42489e-10 g at index (105,122,101) at time 14.141 m.y.
Uncompensated deficit of 2.47912e-11 g at index (49,84,28) at time 14.145 m.y.
Uncompensated deficit of 8.79095e-11 g at index (50,82,28) at time 14.145 m.y.
Uncompensated deficit of 1.18923e-10 g at index (48,85,28) at time 14.148 m.y.
Uncompensated deficit of 1.50374e-10 g at index (111,87,82) at time 14.149 m.y.
Uncompensated deficit of 8.45428e-11 g at index (43,88,29) at time 14.152 m.y.
Uncompensated deficit of 1.67476e-10 g at index (47,86,28) at time 14.156 m.y.
Uncompensated deficit of 8.40844e-11 g at index (51,81,28) at time 14.160 m.y.
Uncompensated deficit of 8.13263e-11 g at index (81,46,35) at time 14.160 m.y.
Uncompensated deficit of 4.42716e-10 g at index (81,47,34) at time 14.160 m.y.
Uncompensated deficit of 1.66577e-10 g at index (53,83,25) at time 14.163 m.y.
Uncompensated deficit of 1.73378e-11 g at index (51,83,27) at time 14.164 m.y.
Uncompensated deficit of 1.16532e-10 g at index (53,81,26) at time 14.165 m.y.
Uncompensated deficit of 2.46065e-10 g at index (41,89,29) at time 14.166 m.y.
Uncompensated deficit of 4.92353e-12 g at index (46,87,28) at time 14.166 m.y.
Uncompensated deficit of 2.25804e-10 g at index (121,80,79) at time 14.166 m.y.
Uncompensated deficit of 2.30823e-10 g at index (50,84,27) at time 14.167 m.y.
Uncompensated deficit of 2.94902e-11 g at index (52,81,27) at time 14.170 m.y.
Uncompensated deficit of 5.97635e-11 g at index (52,83,26) at time 14.172 m.y.
Uncompensated deficit of 1.26213e-10 g at index (45,88,28) at time 14.177 m.y.
Uncompensated deficit of 1.48366e-09 g at index (115,78,80) at time 14.182 m.y.
Uncompensated deficit of 2.28725e-10 g at index (53,79,27) at time 14.184 m.y.
Uncompensated deficit of 2.03757e-11 g at index (43,89,28) at time 14.185 m.y.
Uncompensated deficit of 5.91031e-12 g at index (52,79,28) at time 14.186 m.y.
Uncompensated deficit of 9.78913e-11 g at index (41,90,28) at time 14.197 m.y.
Uncompensated deficit of 1.6695e-10 g at index (89,59,12) at time 14.197 m.y.
Uncompensated deficit of 1.78274e-11 g at index (91,59,11) at time 14.204 m.y.
Uncompensated deficit of 1.8039e-10 g at index (51,86,25) at time 14.214 m.y.
Uncompensated deficit of 1.04914e-10 g at index (43,90,27) at time 14.219 m.y.
Uncompensated deficit of 9.91168e-11 g at index (40,91,27) at time 14.229 m.y.
Uncompensated deficit of 1.92856e-10 g at index (50,87,25) at time 14.235 m.y.
Uncompensated deficit of 4.01444e-11 g at index (46,89,26) at time 14.242 m.y.
Time = 14250000.000000, delC = 2.61326e-07, NuclRate = 1.9189e-13
Uncompensated deficit of 8.10953e-10 g at index (104,97,87) at time 14.258 m.y.
Uncompensated deficit of 2.0646e-10 g at index (40,32,138) at time 14.276 m.y.
Uncompensated deficit of 1.45503e-11 g at index (7,65,43) at time 14.468 m.y.
Uncompensated deficit of 1.58671e-10 g at index (44,54,81) at time 14.476 m.y.
Uncompensated deficit of 9.7188e-10 g at index (42,54,83) at time 14.477 m.y.
Uncompensated deficit of 4.76557e-10 g at index (43,54,82) at time 14.478 m.y.
Time = 14500000.000000, delC = 2.61326e-07, NuclRate = 1.9189e-13
Uncompensated deficit of 5.13448e-11 g at index (54,51,26) at time 14.583 m.y.
Uncompensated deficit of 4.90651e-12 g at index (57,55,26) at time 14.588 m.y.
Uncompensated deficit of 1.27244e-10 g at index (54,53,27) at time 14.615 m.y.
Uncompensated deficit of 2.5672e-11 g at index (53,52,27) at time 14.624 m.y.
Uncompensated deficit of 1.82797e-10 g at index (53,54,28) at time 14.657 m.y.
Uncompensated deficit of 1.27223e-10 g at index (52,52,28) at time 14.664 m.y.
Uncompensated deficit of 2.43155e-10 g at index (51,53,29) at time 14.702 m.y.
Time = 14750000.000000, delC = 2.61326e-07, NuclRate = 1.9189e-13
Uncompensated deficit of 4.82104e-12 g at index (9,102,12) at time 14.752 m.y.
Uncompensated deficit of 3.29339e-11 g at index (47,53,32) at time 14.833 m.y.
Uncompensated deficit of 2.75354e-10 g at index (45,52,33) at time 14.888 m.y.
Uncompensated deficit of 8.95451e-12 g at index (44,53,34) at time 14.922 m.y.
Uncompensated deficit of 3.29757e-10 g at index (43,51,34) at time 14.934 m.y.
Uncompensated deficit of 4.31844e-10 g at index (42,49,34) at time 14.944 m.y.
Uncompensated deficit of 4.8634e-10 g at index (41,48,34) at time 14.947 m.y.
Uncompensated deficit of 9.36721e-11 g at index (44,55,35) at time 14.948 m.y.
Uncompensated deficit of 3.9729e-10 g at index (41,43,33) at time 14.953 m.y.
Uncompensated deficit of 7.49776e-11 g at index (41,51,35) at time 14.960 m.y.
Uncompensated deficit of 3.21103e-10 g at index (40,55,37) at time 14.996 m.y.
Uncompensated deficit of 4.40313e-10 g at index (42,57,37) at time 14.998 m.y.
Uncompensated deficit of 1.24952e-10 g at index (41,56,37) at time 15.000 m.y.
Time = 15000000.000000, delC = 2.61326e-07, NuclRate = 1.9189e-13
Uncompensated deficit of 4.99694e-10 g at index (41,59,39) at time 15.003 m.y.
Uncompensated deficit of 2.3015e-10 g at index (40,58,39) at time 15.005 m.y.
Uncompensated deficit of 9.57441e-10 g at index (41,58,38) at time 15.007 m.y.
Uncompensated deficit of 1.08109e-09 g at index (40,57,38) at time 15.007 m.y.
Time = 15250000.000000, delC = 2.61326e-07, NuclRate = 1.9189e-13
Uncompensated deficit of 6.59188e-11 g at index (37,22,19) at time 15.461 m.y.
Uncompensated deficit of 1.91389e-10 g at index (36,21,19) at time 15.462 m.y.
Uncompensated deficit of 2.99243e-10 g at index (39,23,17) at time 15.465 m.y.
Uncompensated deficit of 9.58603e-11 g at index (35,20,20) at time 15.467 m.y.
Uncompensated deficit of 9.87089e-11 g at index (36,20,17) at time 15.473 m.y.
Uncompensated deficit of 1.47154e-10 g at index (35,19,17) at time 15.479 m.y.
Uncompensated deficit of 1.80604e-10 g at index (34,18,18) at time 15.489 m.y.
Uncompensated deficit of 2.26495e-10 g at index (39,22,15) at time 15.498 m.y.
Time = 15500000.000000, delC = 2.61326e-07, NuclRate = 1.9189e-13
Uncompensated deficit of 1.38856e-10 g at index (35,18,16) at time 15.503 m.y.
Uncompensated deficit of 1.46775e-11 g at index (37,20,15) at time 15.506 m.y.
Uncompensated deficit of 8.05792e-11 g at index (33,17,20) at time 15.516 m.y.
Uncompensated deficit of 5.54858e-10 g at index (38,23,28) at time 15.544 m.y.
Uncompensated deficit of 2.64896e-10 g at index (37,22,28) at time 15.564 m.y.
Uncompensated deficit of 3.95e-10 g at index (37,21,29) at time 15.579 m.y.
Uncompensated deficit of 1.12015e-10 g at index (36,21,28) at time 15.580 m.y.
Uncompensated deficit of 4.61716e-10 g at index (36,20,29) at time 15.597 m.y.
Time = 15750000.000000, delC = 2.61326e-07, NuclRate = 1.9189e-13
Time = 16000000.000000, delC = 2.61326e-07, NuclRate = 1.9189e-13
Time = 16250000.000000, delC = 2.61326e-07, NuclRate = 1.9189e-13
Time = 16500000.000000, delC = 2.61326e-07, NuclRate = 1.9189e-13
Time = 16750000.000000, delC = 2.61326e-07, NuclRate = 1.9189e-13
Time = 17000000.000000, delC = 2.61326e-07, NuclRate = 1.9189e-13
Time = 17250000.000000, delC = 2.61326e-07, NuclRate = 1.9189e-13
Model has achieved completion conditions.  Quitting.
Run finished at: Wed Sep 16 10:34:28 2015

